<?xml version="1.0" encoding="UTF-8"?>
<testsuite xmlns:xsi="http://www.w3.org/2001/XMLSchema-instance" xsi:noNamespaceSchemaLocation="https://maven.apache.org/surefire/maven-surefire-plugin/xsd/surefire-test-report-3.0.xsd" version="3.0" name="CS648A.assignment1.AppTest" time="1.775" tests="1500" errors="0" skipped="0" failures="0">
  <properties>
    <property name="awt.toolkit" value="sun.awt.X11.XToolkit"/>
    <property name="java.specification.version" value="11"/>
    <property name="sun.cpu.isalist" value=""/>
    <property name="sun.jnu.encoding" value="UTF-8"/>
    <property name="java.class.path" value="/mnt/c/Users/Manash/eclipse-workspace/assignment1/target/test-classes:/mnt/c/Users/Manash/eclipse-workspace/assignment1/target/classes:/home/manash/.m2/repository/com/google/guava/guava/17.0/guava-17.0.jar:/home/manash/.m2/repository/org/junit/jupiter/junit-jupiter-engine/5.4.0/junit-jupiter-engine-5.4.0.jar:/home/manash/.m2/repository/org/apiguardian/apiguardian-api/1.0.0/apiguardian-api-1.0.0.jar:/home/manash/.m2/repository/org/junit/platform/junit-platform-engine/1.4.0/junit-platform-engine-1.4.0.jar:/home/manash/.m2/repository/org/opentest4j/opentest4j/1.1.1/opentest4j-1.1.1.jar:/home/manash/.m2/repository/org/junit/platform/junit-platform-commons/1.4.0/junit-platform-commons-1.4.0.jar:/home/manash/.m2/repository/org/junit/jupiter/junit-jupiter-api/5.4.0/junit-jupiter-api-5.4.0.jar:/home/manash/.m2/repository/org/hamcrest/hamcrest-core/1.3/hamcrest-core-1.3.jar:"/>
    <property name="java.vm.vendor" value="Ubuntu"/>
    <property name="sun.arch.data.model" value="64"/>
    <property name="java.vendor.url" value="https://ubuntu.com/"/>
    <property name="user.timezone" value=""/>
    <property name="java.vm.specification.version" value="11"/>
    <property name="os.name" value="Linux"/>
    <property name="sun.java.launcher" value="SUN_STANDARD"/>
    <property name="sun.boot.library.path" value="/usr/lib/jvm/java-11-openjdk-amd64/lib"/>
    <property name="sun.java.command" value="/mnt/c/Users/Manash/eclipse-workspace/assignment1/target/surefire/surefirebooter12303816310091955959.jar /mnt/c/Users/Manash/eclipse-workspace/assignment1/target/surefire 2022-01-15T01-37-56_034-jvmRun1 surefire12882289201594536215tmp surefire_09055288920754262416tmp"/>
    <property name="jdk.debug" value="release"/>
    <property name="surefire.test.class.path" value="/mnt/c/Users/Manash/eclipse-workspace/assignment1/target/test-classes:/mnt/c/Users/Manash/eclipse-workspace/assignment1/target/classes:/home/manash/.m2/repository/com/google/guava/guava/17.0/guava-17.0.jar:/home/manash/.m2/repository/org/junit/jupiter/junit-jupiter-engine/5.4.0/junit-jupiter-engine-5.4.0.jar:/home/manash/.m2/repository/org/apiguardian/apiguardian-api/1.0.0/apiguardian-api-1.0.0.jar:/home/manash/.m2/repository/org/junit/platform/junit-platform-engine/1.4.0/junit-platform-engine-1.4.0.jar:/home/manash/.m2/repository/org/opentest4j/opentest4j/1.1.1/opentest4j-1.1.1.jar:/home/manash/.m2/repository/org/junit/platform/junit-platform-commons/1.4.0/junit-platform-commons-1.4.0.jar:/home/manash/.m2/repository/org/junit/jupiter/junit-jupiter-api/5.4.0/junit-jupiter-api-5.4.0.jar:/home/manash/.m2/repository/org/hamcrest/hamcrest-core/1.3/hamcrest-core-1.3.jar:"/>
    <property name="sun.cpu.endian" value="little"/>
    <property name="user.home" value="/home/manash"/>
    <property name="user.language" value="en"/>
    <property name="java.specification.vendor" value="Oracle Corporation"/>
    <property name="java.version.date" value="2021-10-19"/>
    <property name="java.home" value="/usr/lib/jvm/java-11-openjdk-amd64"/>
    <property name="file.separator" value="/"/>
    <property name="basedir" value="/mnt/c/Users/Manash/eclipse-workspace/assignment1"/>
    <property name="java.vm.compressedOopsMode" value="32-bit"/>
    <property name="line.separator" value="&#10;"/>
    <property name="java.specification.name" value="Java Platform API Specification"/>
    <property name="java.vm.specification.vendor" value="Oracle Corporation"/>
    <property name="java.awt.graphicsenv" value="sun.awt.X11GraphicsEnvironment"/>
    <property name="surefire.real.class.path" value="/mnt/c/Users/Manash/eclipse-workspace/assignment1/target/surefire/surefirebooter12303816310091955959.jar"/>
    <property name="sun.management.compiler" value="HotSpot 64-Bit Tiered Compilers"/>
    <property name="java.runtime.version" value="11.0.13+8-Ubuntu-0ubuntu1.20.04"/>
    <property name="user.name" value="manash"/>
    <property name="path.separator" value=":"/>
    <property name="os.version" value="5.10.16.3-microsoft-standard-WSL2"/>
    <property name="java.runtime.name" value="OpenJDK Runtime Environment"/>
    <property name="file.encoding" value="UTF-8"/>
    <property name="java.vm.name" value="OpenJDK 64-Bit Server VM"/>
    <property name="localRepository" value="/home/manash/.m2/repository"/>
    <property name="java.vendor.url.bug" value="https://bugs.launchpad.net/ubuntu/+source/openjdk-lts"/>
    <property name="java.io.tmpdir" value="/tmp"/>
    <property name="java.version" value="11.0.13"/>
    <property name="user.dir" value="/mnt/c/Users/Manash/eclipse-workspace/assignment1"/>
    <property name="os.arch" value="amd64"/>
    <property name="java.vm.specification.name" value="Java Virtual Machine Specification"/>
    <property name="java.awt.printerjob" value="sun.print.PSPrinterJob"/>
    <property name="sun.os.patch.level" value="unknown"/>
    <property name="java.library.path" value="/usr/java/packages/lib:/usr/lib/x86_64-linux-gnu/jni:/lib/x86_64-linux-gnu:/usr/lib/x86_64-linux-gnu:/usr/lib/jni:/lib:/usr/lib"/>
    <property name="java.vm.info" value="mixed mode, sharing"/>
    <property name="java.vendor" value="Ubuntu"/>
    <property name="java.vm.version" value="11.0.13+8-Ubuntu-0ubuntu1.20.04"/>
    <property name="sun.io.unicode.encoding" value="UnicodeLittle"/>
    <property name="java.class.version" value="55.0"/>
  </properties>
  <testcase name="TestRandomQuickSort" classname="CS648A.assignment1.AppTest" time="0.076"/>
  <testcase name="TestRandomQuickSort" classname="CS648A.assignment1.AppTest" time="0.003"/>
  <testcase name="TestRandomQuickSort" classname="CS648A.assignment1.AppTest" time="0.002"/>
  <testcase name="TestRandomQuickSort" classname="CS648A.assignment1.AppTest" time="0.002"/>
  <testcase name="TestRandomQuickSort" classname="CS648A.assignment1.AppTest" time="0.003"/>
  <testcase name="TestRandomQuickSort" classname="CS648A.assignment1.AppTest" time="0.002"/>
  <testcase name="TestRandomQuickSort" classname="CS648A.assignment1.AppTest" time="0.002"/>
  <testcase name="TestRandomQuickSort" classname="CS648A.assignment1.AppTest" time="0.002"/>
  <testcase name="TestRandomQuickSort" classname="CS648A.assignment1.AppTest" time="0.003"/>
  <testcase name="TestRandomQuickSort" classname="CS648A.assignment1.AppTest" time="0.002"/>
  <testcase name="TestRandomQuickSort" classname="CS648A.assignment1.AppTest" time="0.001"/>
  <testcase name="TestRandomQuickSort" classname="CS648A.assignment1.AppTest" time="0.001"/>
  <testcase name="TestRandomQuickSort" classname="CS648A.assignment1.AppTest" time="0.002"/>
  <testcase name="TestRandomQuickSort" classname="CS648A.assignment1.AppTest" time="0.001"/>
  <testcase name="TestRandomQuickSort" classname="CS648A.assignment1.AppTest" time="0.002"/>
  <testcase name="TestRandomQuickSort" classname="CS648A.assignment1.AppTest" time="0.003"/>
  <testcase name="TestRandomQuickSort" classname="CS648A.assignment1.AppTest" time="0.001"/>
  <testcase name="TestRandomQuickSort" classname="CS648A.assignment1.AppTest" time="0.001"/>
  <testcase name="TestRandomQuickSort" classname="CS648A.assignment1.AppTest" time="0.001"/>
  <testcase name="TestRandomQuickSort" classname="CS648A.assignment1.AppTest" time="0.001"/>
  <testcase name="TestRandomQuickSort" classname="CS648A.assignment1.AppTest" time="0.001"/>
  <testcase name="TestRandomQuickSort" classname="CS648A.assignment1.AppTest" time="0.001"/>
  <testcase name="TestRandomQuickSort" classname="CS648A.assignment1.AppTest" time="0.001"/>
  <testcase name="TestRandomQuickSort" classname="CS648A.assignment1.AppTest" time="0.001"/>
  <testcase name="TestRandomQuickSort" classname="CS648A.assignment1.AppTest" time="0.001"/>
  <testcase name="TestRandomQuickSort" classname="CS648A.assignment1.AppTest" time="0.002"/>
  <testcase name="TestRandomQuickSort" classname="CS648A.assignment1.AppTest" time="0.001"/>
  <testcase name="TestRandomQuickSort" classname="CS648A.assignment1.AppTest" time="0.001"/>
  <testcase name="TestRandomQuickSort" classname="CS648A.assignment1.AppTest" time="0.001"/>
  <testcase name="TestRandomQuickSort" classname="CS648A.assignment1.AppTest" time="0.001"/>
  <testcase name="TestRandomQuickSort" classname="CS648A.assignment1.AppTest" time="0.001"/>
  <testcase name="TestRandomQuickSort" classname="CS648A.assignment1.AppTest" time="0.001"/>
  <testcase name="TestRandomQuickSort" classname="CS648A.assignment1.AppTest" time="0.001"/>
  <testcase name="TestRandomQuickSort" classname="CS648A.assignment1.AppTest" time="0.001"/>
  <testcase name="TestRandomQuickSort" classname="CS648A.assignment1.AppTest" time="0.001"/>
  <testcase name="TestRandomQuickSort" classname="CS648A.assignment1.AppTest" time="0.001"/>
  <testcase name="TestRandomQuickSort" classname="CS648A.assignment1.AppTest" time="0.001"/>
  <testcase name="TestRandomQuickSort" classname="CS648A.assignment1.AppTest" time="0.001"/>
  <testcase name="TestRandomQuickSort" classname="CS648A.assignment1.AppTest" time="0.001"/>
  <testcase name="TestRandomQuickSort" classname="CS648A.assignment1.AppTest" time="0.001"/>
  <testcase name="TestRandomQuickSort" classname="CS648A.assignment1.AppTest" time="0.001"/>
  <testcase name="TestRandomQuickSort" classname="CS648A.assignment1.AppTest" time="0.001"/>
  <testcase name="TestRandomQuickSort" classname="CS648A.assignment1.AppTest" time="0.001"/>
  <testcase name="TestRandomQuickSort" classname="CS648A.assignment1.AppTest" time="0.002"/>
  <testcase name="TestRandomQuickSort" classname="CS648A.assignment1.AppTest" time="0.001"/>
  <testcase name="TestRandomQuickSort" classname="CS648A.assignment1.AppTest" time="0.001"/>
  <testcase name="TestRandomQuickSort" classname="CS648A.assignment1.AppTest" time="0"/>
  <testcase name="TestRandomQuickSort" classname="CS648A.assignment1.AppTest" time="0"/>
  <testcase name="TestRandomQuickSort" classname="CS648A.assignment1.AppTest" time="0.001"/>
  <testcase name="TestRandomQuickSort" classname="CS648A.assignment1.AppTest" time="0.001"/>
  <testcase name="TestRandomQuickSort" classname="CS648A.assignment1.AppTest" time="0.001"/>
  <testcase name="TestRandomQuickSort" classname="CS648A.assignment1.AppTest" time="0"/>
  <testcase name="TestRandomQuickSort" classname="CS648A.assignment1.AppTest" time="0.001"/>
  <testcase name="TestRandomQuickSort" classname="CS648A.assignment1.AppTest" time="0.001"/>
  <testcase name="TestRandomQuickSort" classname="CS648A.assignment1.AppTest" time="0.001"/>
  <testcase name="TestRandomQuickSort" classname="CS648A.assignment1.AppTest" time="0.001"/>
  <testcase name="TestRandomQuickSort" classname="CS648A.assignment1.AppTest" time="0.001"/>
  <testcase name="TestRandomQuickSort" classname="CS648A.assignment1.AppTest" time="0.001"/>
  <testcase name="TestRandomQuickSort" classname="CS648A.assignment1.AppTest" time="0.001"/>
  <testcase name="TestRandomQuickSort" classname="CS648A.assignment1.AppTest" time="0.001"/>
  <testcase name="TestRandomQuickSort" classname="CS648A.assignment1.AppTest" time="0.001"/>
  <testcase name="TestRandomQuickSort" classname="CS648A.assignment1.AppTest" time="0.001"/>
  <testcase name="TestRandomQuickSort" classname="CS648A.assignment1.AppTest" time="0"/>
  <testcase name="TestRandomQuickSort" classname="CS648A.assignment1.AppTest" time="0.001"/>
  <testcase name="TestRandomQuickSort" classname="CS648A.assignment1.AppTest" time="0.001"/>
  <testcase name="TestRandomQuickSort" classname="CS648A.assignment1.AppTest" time="0.001"/>
  <testcase name="TestRandomQuickSort" classname="CS648A.assignment1.AppTest" time="0"/>
  <testcase name="TestRandomQuickSort" classname="CS648A.assignment1.AppTest" time="0"/>
  <testcase name="TestRandomQuickSort" classname="CS648A.assignment1.AppTest" time="0"/>
  <testcase name="TestRandomQuickSort" classname="CS648A.assignment1.AppTest" time="0.001"/>
  <testcase name="TestRandomQuickSort" classname="CS648A.assignment1.AppTest" time="0"/>
  <testcase name="TestRandomQuickSort" classname="CS648A.assignment1.AppTest" time="0.001"/>
  <testcase name="TestRandomQuickSort" classname="CS648A.assignment1.AppTest" time="0.001"/>
  <testcase name="TestRandomQuickSort" classname="CS648A.assignment1.AppTest" time="0.001"/>
  <testcase name="TestRandomQuickSort" classname="CS648A.assignment1.AppTest" time="0.001"/>
  <testcase name="TestRandomQuickSort" classname="CS648A.assignment1.AppTest" time="0.001"/>
  <testcase name="TestRandomQuickSort" classname="CS648A.assignment1.AppTest" time="0.001"/>
  <testcase name="TestRandomQuickSort" classname="CS648A.assignment1.AppTest" time="0.001"/>
  <testcase name="TestRandomQuickSort" classname="CS648A.assignment1.AppTest" time="0.001"/>
  <testcase name="TestRandomQuickSort" classname="CS648A.assignment1.AppTest" time="0.001"/>
  <testcase name="TestRandomQuickSort" classname="CS648A.assignment1.AppTest" time="0.001"/>
  <testcase name="TestRandomQuickSort" classname="CS648A.assignment1.AppTest" time="0.001"/>
  <testcase name="TestRandomQuickSort" classname="CS648A.assignment1.AppTest" time="0.001"/>
  <testcase name="TestRandomQuickSort" classname="CS648A.assignment1.AppTest" time="0.001"/>
  <testcase name="TestRandomQuickSort" classname="CS648A.assignment1.AppTest" time="0.001"/>
  <testcase name="TestRandomQuickSort" classname="CS648A.assignment1.AppTest" time="0.001"/>
  <testcase name="TestRandomQuickSort" classname="CS648A.assignment1.AppTest" time="0.001"/>
  <testcase name="TestRandomQuickSort" classname="CS648A.assignment1.AppTest" time="0.001"/>
  <testcase name="TestRandomQuickSort" classname="CS648A.assignment1.AppTest" time="0.001"/>
  <testcase name="TestRandomQuickSort" classname="CS648A.assignment1.AppTest" time="0"/>
  <testcase name="TestRandomQuickSort" classname="CS648A.assignment1.AppTest" time="0.001"/>
  <testcase name="TestRandomQuickSort" classname="CS648A.assignment1.AppTest" time="0.001"/>
  <testcase name="TestRandomQuickSort" classname="CS648A.assignment1.AppTest" time="0"/>
  <testcase name="TestRandomQuickSort" classname="CS648A.assignment1.AppTest" time="0.001"/>
  <testcase name="TestRandomQuickSort" classname="CS648A.assignment1.AppTest" time="0.001"/>
  <testcase name="TestRandomQuickSort" classname="CS648A.assignment1.AppTest" time="0"/>
  <testcase name="TestRandomQuickSort" classname="CS648A.assignment1.AppTest" time="0.001"/>
  <testcase name="TestRandomQuickSort" classname="CS648A.assignment1.AppTest" time="0"/>
  <testcase name="TestRandomQuickSort" classname="CS648A.assignment1.AppTest" time="0.001"/>
  <testcase name="TestRandomQuickSort" classname="CS648A.assignment1.AppTest" time="0"/>
  <testcase name="TestRandomQuickSort" classname="CS648A.assignment1.AppTest" time="0.001"/>
  <testcase name="TestRandomQuickSort" classname="CS648A.assignment1.AppTest" time="0.001"/>
  <testcase name="TestRandomQuickSort" classname="CS648A.assignment1.AppTest" time="0.001"/>
  <testcase name="TestRandomQuickSort" classname="CS648A.assignment1.AppTest" time="0"/>
  <testcase name="TestRandomQuickSort" classname="CS648A.assignment1.AppTest" time="0"/>
  <testcase name="TestRandomQuickSort" classname="CS648A.assignment1.AppTest" time="0.001"/>
  <testcase name="TestRandomQuickSort" classname="CS648A.assignment1.AppTest" time="0.001"/>
  <testcase name="TestRandomQuickSort" classname="CS648A.assignment1.AppTest" time="0"/>
  <testcase name="TestRandomQuickSort" classname="CS648A.assignment1.AppTest" time="0.001"/>
  <testcase name="TestRandomQuickSort" classname="CS648A.assignment1.AppTest" time="0"/>
  <testcase name="TestRandomQuickSort" classname="CS648A.assignment1.AppTest" time="0.001"/>
  <testcase name="TestRandomQuickSort" classname="CS648A.assignment1.AppTest" time="0"/>
  <testcase name="TestRandomQuickSort" classname="CS648A.assignment1.AppTest" time="0"/>
  <testcase name="TestRandomQuickSort" classname="CS648A.assignment1.AppTest" time="0.001"/>
  <testcase name="TestRandomQuickSort" classname="CS648A.assignment1.AppTest" time="0"/>
  <testcase name="TestRandomQuickSort" classname="CS648A.assignment1.AppTest" time="0.001"/>
  <testcase name="TestRandomQuickSort" classname="CS648A.assignment1.AppTest" time="0.001"/>
  <testcase name="TestRandomQuickSort" classname="CS648A.assignment1.AppTest" time="0"/>
  <testcase name="TestRandomQuickSort" classname="CS648A.assignment1.AppTest" time="0.001"/>
  <testcase name="TestRandomQuickSort" classname="CS648A.assignment1.AppTest" time="0.001"/>
  <testcase name="TestRandomQuickSort" classname="CS648A.assignment1.AppTest" time="0.001"/>
  <testcase name="TestRandomQuickSort" classname="CS648A.assignment1.AppTest" time="0.001"/>
  <testcase name="TestRandomQuickSort" classname="CS648A.assignment1.AppTest" time="0.001"/>
  <testcase name="TestRandomQuickSort" classname="CS648A.assignment1.AppTest" time="0.001"/>
  <testcase name="TestRandomQuickSort" classname="CS648A.assignment1.AppTest" time="0"/>
  <testcase name="TestRandomQuickSort" classname="CS648A.assignment1.AppTest" time="0"/>
  <testcase name="TestRandomQuickSort" classname="CS648A.assignment1.AppTest" time="0.001"/>
  <testcase name="TestRandomQuickSort" classname="CS648A.assignment1.AppTest" time="0"/>
  <testcase name="TestRandomQuickSort" classname="CS648A.assignment1.AppTest" time="0.001"/>
  <testcase name="TestRandomQuickSort" classname="CS648A.assignment1.AppTest" time="0.001"/>
  <testcase name="TestRandomQuickSort" classname="CS648A.assignment1.AppTest" time="0"/>
  <testcase name="TestRandomQuickSort" classname="CS648A.assignment1.AppTest" time="0.001"/>
  <testcase name="TestRandomQuickSort" classname="CS648A.assignment1.AppTest" time="0"/>
  <testcase name="TestRandomQuickSort" classname="CS648A.assignment1.AppTest" time="0.001"/>
  <testcase name="TestRandomQuickSort" classname="CS648A.assignment1.AppTest" time="0"/>
  <testcase name="TestRandomQuickSort" classname="CS648A.assignment1.AppTest" time="0"/>
  <testcase name="TestRandomQuickSort" classname="CS648A.assignment1.AppTest" time="0.001"/>
  <testcase name="TestRandomQuickSort" classname="CS648A.assignment1.AppTest" time="0.001"/>
  <testcase name="TestRandomQuickSort" classname="CS648A.assignment1.AppTest" time="0.001"/>
  <testcase name="TestRandomQuickSort" classname="CS648A.assignment1.AppTest" time="0.001"/>
  <testcase name="TestRandomQuickSort" classname="CS648A.assignment1.AppTest" time="0.001"/>
  <testcase name="TestRandomQuickSort" classname="CS648A.assignment1.AppTest" time="0"/>
  <testcase name="TestRandomQuickSort" classname="CS648A.assignment1.AppTest" time="0"/>
  <testcase name="TestRandomQuickSort" classname="CS648A.assignment1.AppTest" time="0"/>
  <testcase name="TestRandomQuickSort" classname="CS648A.assignment1.AppTest" time="0"/>
  <testcase name="TestRandomQuickSort" classname="CS648A.assignment1.AppTest" time="0"/>
  <testcase name="TestRandomQuickSort" classname="CS648A.assignment1.AppTest" time="0.001"/>
  <testcase name="TestRandomQuickSort" classname="CS648A.assignment1.AppTest" time="0"/>
  <testcase name="TestRandomQuickSort" classname="CS648A.assignment1.AppTest" time="0"/>
  <testcase name="TestRandomQuickSort" classname="CS648A.assignment1.AppTest" time="0"/>
  <testcase name="TestRandomQuickSort" classname="CS648A.assignment1.AppTest" time="0.001"/>
  <testcase name="TestRandomQuickSort" classname="CS648A.assignment1.AppTest" time="0.001"/>
  <testcase name="TestRandomQuickSort" classname="CS648A.assignment1.AppTest" time="0"/>
  <testcase name="TestRandomQuickSort" classname="CS648A.assignment1.AppTest" time="0"/>
  <testcase name="TestRandomQuickSort" classname="CS648A.assignment1.AppTest" time="0"/>
  <testcase name="TestRandomQuickSort" classname="CS648A.assignment1.AppTest" time="0.001"/>
  <testcase name="TestRandomQuickSort" classname="CS648A.assignment1.AppTest" time="0.001"/>
  <testcase name="TestRandomQuickSort" classname="CS648A.assignment1.AppTest" time="0.001"/>
  <testcase name="TestRandomQuickSort" classname="CS648A.assignment1.AppTest" time="0"/>
  <testcase name="TestRandomQuickSort" classname="CS648A.assignment1.AppTest" time="0"/>
  <testcase name="TestRandomQuickSort" classname="CS648A.assignment1.AppTest" time="0.001"/>
  <testcase name="TestRandomQuickSort" classname="CS648A.assignment1.AppTest" time="0.001"/>
  <testcase name="TestRandomQuickSort" classname="CS648A.assignment1.AppTest" time="0"/>
  <testcase name="TestRandomQuickSort" classname="CS648A.assignment1.AppTest" time="0"/>
  <testcase name="TestRandomQuickSort" classname="CS648A.assignment1.AppTest" time="0.001"/>
  <testcase name="TestRandomQuickSort" classname="CS648A.assignment1.AppTest" time="0.001"/>
  <testcase name="TestRandomQuickSort" classname="CS648A.assignment1.AppTest" time="0.001"/>
  <testcase name="TestRandomQuickSort" classname="CS648A.assignment1.AppTest" time="0"/>
  <testcase name="TestRandomQuickSort" classname="CS648A.assignment1.AppTest" time="0"/>
  <testcase name="TestRandomQuickSort" classname="CS648A.assignment1.AppTest" time="0"/>
  <testcase name="TestRandomQuickSort" classname="CS648A.assignment1.AppTest" time="0"/>
  <testcase name="TestRandomQuickSort" classname="CS648A.assignment1.AppTest" time="0"/>
  <testcase name="TestRandomQuickSort" classname="CS648A.assignment1.AppTest" time="0"/>
  <testcase name="TestRandomQuickSort" classname="CS648A.assignment1.AppTest" time="0.001"/>
  <testcase name="TestRandomQuickSort" classname="CS648A.assignment1.AppTest" time="0.001"/>
  <testcase name="TestRandomQuickSort" classname="CS648A.assignment1.AppTest" time="0.001"/>
  <testcase name="TestRandomQuickSort" classname="CS648A.assignment1.AppTest" time="0"/>
  <testcase name="TestRandomQuickSort" classname="CS648A.assignment1.AppTest" time="0"/>
  <testcase name="TestRandomQuickSort" classname="CS648A.assignment1.AppTest" time="0.001"/>
  <testcase name="TestRandomQuickSort" classname="CS648A.assignment1.AppTest" time="0.001"/>
  <testcase name="TestRandomQuickSort" classname="CS648A.assignment1.AppTest" time="0.001"/>
  <testcase name="TestRandomQuickSort" classname="CS648A.assignment1.AppTest" time="0.001"/>
  <testcase name="TestRandomQuickSort" classname="CS648A.assignment1.AppTest" time="0.001"/>
  <testcase name="TestRandomQuickSort" classname="CS648A.assignment1.AppTest" time="0.001"/>
  <testcase name="TestRandomQuickSort" classname="CS648A.assignment1.AppTest" time="0.001"/>
  <testcase name="TestRandomQuickSort" classname="CS648A.assignment1.AppTest" time="0.001"/>
  <testcase name="TestRandomQuickSort" classname="CS648A.assignment1.AppTest" time="0"/>
  <testcase name="TestRandomQuickSort" classname="CS648A.assignment1.AppTest" time="0.001"/>
  <testcase name="TestRandomQuickSort" classname="CS648A.assignment1.AppTest" time="0"/>
  <testcase name="TestRandomQuickSort" classname="CS648A.assignment1.AppTest" time="0"/>
  <testcase name="TestRandomQuickSort" classname="CS648A.assignment1.AppTest" time="0"/>
  <testcase name="TestRandomQuickSort" classname="CS648A.assignment1.AppTest" time="0.001"/>
  <testcase name="TestRandomQuickSort" classname="CS648A.assignment1.AppTest" time="0.001"/>
  <testcase name="TestRandomQuickSort" classname="CS648A.assignment1.AppTest" time="0.001"/>
  <testcase name="TestRandomQuickSort" classname="CS648A.assignment1.AppTest" time="0.001"/>
  <testcase name="TestRandomQuickSort" classname="CS648A.assignment1.AppTest" time="0.001"/>
  <testcase name="TestRandomQuickSort" classname="CS648A.assignment1.AppTest" time="0"/>
  <testcase name="TestRandomQuickSort" classname="CS648A.assignment1.AppTest" time="0"/>
  <testcase name="TestRandomQuickSort" classname="CS648A.assignment1.AppTest" time="0"/>
  <testcase name="TestRandomQuickSort" classname="CS648A.assignment1.AppTest" time="0.001"/>
  <testcase name="TestRandomQuickSort" classname="CS648A.assignment1.AppTest" time="0"/>
  <testcase name="TestRandomQuickSort" classname="CS648A.assignment1.AppTest" time="0.001"/>
  <testcase name="TestRandomQuickSort" classname="CS648A.assignment1.AppTest" time="0.001"/>
  <testcase name="TestRandomQuickSort" classname="CS648A.assignment1.AppTest" time="0.001"/>
  <testcase name="TestRandomQuickSort" classname="CS648A.assignment1.AppTest" time="0"/>
  <testcase name="TestRandomQuickSort" classname="CS648A.assignment1.AppTest" time="0"/>
  <testcase name="TestRandomQuickSort" classname="CS648A.assignment1.AppTest" time="0"/>
  <testcase name="TestRandomQuickSort" classname="CS648A.assignment1.AppTest" time="0.001"/>
  <testcase name="TestRandomQuickSort" classname="CS648A.assignment1.AppTest" time="0.001"/>
  <testcase name="TestRandomQuickSort" classname="CS648A.assignment1.AppTest" time="0"/>
  <testcase name="TestRandomQuickSort" classname="CS648A.assignment1.AppTest" time="0.001"/>
  <testcase name="TestRandomQuickSort" classname="CS648A.assignment1.AppTest" time="0.001"/>
  <testcase name="TestRandomQuickSort" classname="CS648A.assignment1.AppTest" time="0.001"/>
  <testcase name="TestRandomQuickSort" classname="CS648A.assignment1.AppTest" time="0.001"/>
  <testcase name="TestRandomQuickSort" classname="CS648A.assignment1.AppTest" time="0"/>
  <testcase name="TestRandomQuickSort" classname="CS648A.assignment1.AppTest" time="0"/>
  <testcase name="TestRandomQuickSort" classname="CS648A.assignment1.AppTest" time="0"/>
  <testcase name="TestRandomQuickSort" classname="CS648A.assignment1.AppTest" time="0"/>
  <testcase name="TestRandomQuickSort" classname="CS648A.assignment1.AppTest" time="0"/>
  <testcase name="TestRandomQuickSort" classname="CS648A.assignment1.AppTest" time="0"/>
  <testcase name="TestRandomQuickSort" classname="CS648A.assignment1.AppTest" time="0.001"/>
  <testcase name="TestRandomQuickSort" classname="CS648A.assignment1.AppTest" time="0"/>
  <testcase name="TestRandomQuickSort" classname="CS648A.assignment1.AppTest" time="0.001"/>
  <testcase name="TestRandomQuickSort" classname="CS648A.assignment1.AppTest" time="0.001"/>
  <testcase name="TestRandomQuickSort" classname="CS648A.assignment1.AppTest" time="0"/>
  <testcase name="TestRandomQuickSort" classname="CS648A.assignment1.AppTest" time="0"/>
  <testcase name="TestRandomQuickSort" classname="CS648A.assignment1.AppTest" time="0"/>
  <testcase name="TestRandomQuickSort" classname="CS648A.assignment1.AppTest" time="0.001"/>
  <testcase name="TestRandomQuickSort" classname="CS648A.assignment1.AppTest" time="0.001"/>
  <testcase name="TestRandomQuickSort" classname="CS648A.assignment1.AppTest" time="0"/>
  <testcase name="TestRandomQuickSort" classname="CS648A.assignment1.AppTest" time="0.001"/>
  <testcase name="TestRandomQuickSort" classname="CS648A.assignment1.AppTest" time="0.001"/>
  <testcase name="TestRandomQuickSort" classname="CS648A.assignment1.AppTest" time="0.001"/>
  <testcase name="TestRandomQuickSort" classname="CS648A.assignment1.AppTest" time="0"/>
  <testcase name="TestRandomQuickSort" classname="CS648A.assignment1.AppTest" time="0"/>
  <testcase name="TestRandomQuickSort" classname="CS648A.assignment1.AppTest" time="0"/>
  <testcase name="TestRandomQuickSort" classname="CS648A.assignment1.AppTest" time="0.001"/>
  <testcase name="TestRandomQuickSort" classname="CS648A.assignment1.AppTest" time="0.001"/>
  <testcase name="TestRandomQuickSort" classname="CS648A.assignment1.AppTest" time="0"/>
  <testcase name="TestRandomQuickSort" classname="CS648A.assignment1.AppTest" time="0"/>
  <testcase name="TestRandomQuickSort" classname="CS648A.assignment1.AppTest" time="0"/>
  <testcase name="TestRandomQuickSort" classname="CS648A.assignment1.AppTest" time="0.001"/>
  <testcase name="TestRandomQuickSort" classname="CS648A.assignment1.AppTest" time="0"/>
  <testcase name="TestRandomQuickSort" classname="CS648A.assignment1.AppTest" time="0"/>
  <testcase name="TestRandomQuickSort" classname="CS648A.assignment1.AppTest" time="0"/>
  <testcase name="TestRandomQuickSort" classname="CS648A.assignment1.AppTest" time="0"/>
  <testcase name="TestRandomQuickSort" classname="CS648A.assignment1.AppTest" time="0"/>
  <testcase name="TestRandomQuickSort" classname="CS648A.assignment1.AppTest" time="0"/>
  <testcase name="TestRandomQuickSort" classname="CS648A.assignment1.AppTest" time="0.001"/>
  <testcase name="TestRandomQuickSort" classname="CS648A.assignment1.AppTest" time="0.001"/>
  <testcase name="TestRandomQuickSort" classname="CS648A.assignment1.AppTest" time="0"/>
  <testcase name="TestRandomQuickSort" classname="CS648A.assignment1.AppTest" time="0"/>
  <testcase name="TestRandomQuickSort" classname="CS648A.assignment1.AppTest" time="0"/>
  <testcase name="TestRandomQuickSort" classname="CS648A.assignment1.AppTest" time="0.001"/>
  <testcase name="TestRandomQuickSort" classname="CS648A.assignment1.AppTest" time="0"/>
  <testcase name="TestRandomQuickSort" classname="CS648A.assignment1.AppTest" time="0.001"/>
  <testcase name="TestRandomQuickSort" classname="CS648A.assignment1.AppTest" time="0.001"/>
  <testcase name="TestRandomQuickSort" classname="CS648A.assignment1.AppTest" time="0.001"/>
  <testcase name="TestRandomQuickSort" classname="CS648A.assignment1.AppTest" time="0.001"/>
  <testcase name="TestRandomQuickSort" classname="CS648A.assignment1.AppTest" time="0.001"/>
  <testcase name="TestRandomQuickSort" classname="CS648A.assignment1.AppTest" time="0.001"/>
  <testcase name="TestRandomQuickSort" classname="CS648A.assignment1.AppTest" time="0.001"/>
  <testcase name="TestRandomQuickSort" classname="CS648A.assignment1.AppTest" time="0.001"/>
  <testcase name="TestRandomQuickSort" classname="CS648A.assignment1.AppTest" time="0"/>
  <testcase name="TestRandomQuickSort" classname="CS648A.assignment1.AppTest" time="0"/>
  <testcase name="TestRandomQuickSort" classname="CS648A.assignment1.AppTest" time="0.001"/>
  <testcase name="TestRandomQuickSort" classname="CS648A.assignment1.AppTest" time="0.001"/>
  <testcase name="TestRandomQuickSort" classname="CS648A.assignment1.AppTest" time="0"/>
  <testcase name="TestRandomQuickSort" classname="CS648A.assignment1.AppTest" time="0"/>
  <testcase name="TestRandomQuickSort" classname="CS648A.assignment1.AppTest" time="0"/>
  <testcase name="TestRandomQuickSort" classname="CS648A.assignment1.AppTest" time="0"/>
  <testcase name="TestRandomQuickSort" classname="CS648A.assignment1.AppTest" time="0"/>
  <testcase name="TestRandomQuickSort" classname="CS648A.assignment1.AppTest" time="0"/>
  <testcase name="TestRandomQuickSort" classname="CS648A.assignment1.AppTest" time="0"/>
  <testcase name="TestRandomQuickSort" classname="CS648A.assignment1.AppTest" time="0"/>
  <testcase name="TestRandomQuickSort" classname="CS648A.assignment1.AppTest" time="0"/>
  <testcase name="TestRandomQuickSort" classname="CS648A.assignment1.AppTest" time="0"/>
  <testcase name="TestRandomQuickSort" classname="CS648A.assignment1.AppTest" time="0"/>
  <testcase name="TestRandomQuickSort" classname="CS648A.assignment1.AppTest" time="0"/>
  <testcase name="TestRandomQuickSort" classname="CS648A.assignment1.AppTest" time="0"/>
  <testcase name="TestRandomQuickSort" classname="CS648A.assignment1.AppTest" time="0.001"/>
  <testcase name="TestRandomQuickSort" classname="CS648A.assignment1.AppTest" time="0.001"/>
  <testcase name="TestRandomQuickSort" classname="CS648A.assignment1.AppTest" time="0.001"/>
  <testcase name="TestRandomQuickSort" classname="CS648A.assignment1.AppTest" time="0.001"/>
  <testcase name="TestRandomQuickSort" classname="CS648A.assignment1.AppTest" time="0.001"/>
  <testcase name="TestRandomQuickSort" classname="CS648A.assignment1.AppTest" time="0.001"/>
  <testcase name="TestRandomQuickSort" classname="CS648A.assignment1.AppTest" time="0.001"/>
  <testcase name="TestRandomQuickSort" classname="CS648A.assignment1.AppTest" time="0.001"/>
  <testcase name="TestRandomQuickSort" classname="CS648A.assignment1.AppTest" time="0.001"/>
  <testcase name="TestRandomQuickSort" classname="CS648A.assignment1.AppTest" time="0.001"/>
  <testcase name="TestRandomQuickSort" classname="CS648A.assignment1.AppTest" time="0.001"/>
  <testcase name="TestRandomQuickSort" classname="CS648A.assignment1.AppTest" time="0.001"/>
  <testcase name="TestRandomQuickSort" classname="CS648A.assignment1.AppTest" time="0.001"/>
  <testcase name="TestRandomQuickSort" classname="CS648A.assignment1.AppTest" time="0.001"/>
  <testcase name="TestRandomQuickSort" classname="CS648A.assignment1.AppTest" time="0.001"/>
  <testcase name="TestRandomQuickSort" classname="CS648A.assignment1.AppTest" time="0.001"/>
  <testcase name="TestRandomQuickSort" classname="CS648A.assignment1.AppTest" time="0.001"/>
  <testcase name="TestRandomQuickSort" classname="CS648A.assignment1.AppTest" time="0.001"/>
  <testcase name="TestRandomQuickSort" classname="CS648A.assignment1.AppTest" time="0"/>
  <testcase name="TestRandomQuickSort" classname="CS648A.assignment1.AppTest" time="0"/>
  <testcase name="TestRandomQuickSort" classname="CS648A.assignment1.AppTest" time="0"/>
  <testcase name="TestRandomQuickSort" classname="CS648A.assignment1.AppTest" time="0"/>
  <testcase name="TestRandomQuickSort" classname="CS648A.assignment1.AppTest" time="0"/>
  <testcase name="TestRandomQuickSort" classname="CS648A.assignment1.AppTest" time="0"/>
  <testcase name="TestRandomQuickSort" classname="CS648A.assignment1.AppTest" time="0.001"/>
  <testcase name="TestRandomQuickSort" classname="CS648A.assignment1.AppTest" time="0.001"/>
  <testcase name="TestRandomQuickSort" classname="CS648A.assignment1.AppTest" time="0.001"/>
  <testcase name="TestRandomQuickSort" classname="CS648A.assignment1.AppTest" time="0.001"/>
  <testcase name="TestRandomQuickSort" classname="CS648A.assignment1.AppTest" time="0.001"/>
  <testcase name="TestRandomQuickSort" classname="CS648A.assignment1.AppTest" time="0.001"/>
  <testcase name="TestRandomQuickSort" classname="CS648A.assignment1.AppTest" time="0"/>
  <testcase name="TestRandomQuickSort" classname="CS648A.assignment1.AppTest" time="0"/>
  <testcase name="TestRandomQuickSort" classname="CS648A.assignment1.AppTest" time="0"/>
  <testcase name="TestRandomQuickSort" classname="CS648A.assignment1.AppTest" time="0.001"/>
  <testcase name="TestRandomQuickSort" classname="CS648A.assignment1.AppTest" time="0.001"/>
  <testcase name="TestRandomQuickSort" classname="CS648A.assignment1.AppTest" time="0"/>
  <testcase name="TestRandomQuickSort" classname="CS648A.assignment1.AppTest" time="0"/>
  <testcase name="TestRandomQuickSort" classname="CS648A.assignment1.AppTest" time="0"/>
  <testcase name="TestRandomQuickSort" classname="CS648A.assignment1.AppTest" time="0"/>
  <testcase name="TestRandomQuickSort" classname="CS648A.assignment1.AppTest" time="0"/>
  <testcase name="TestRandomQuickSort" classname="CS648A.assignment1.AppTest" time="0"/>
  <testcase name="TestRandomQuickSort" classname="CS648A.assignment1.AppTest" time="0"/>
  <testcase name="TestRandomQuickSort" classname="CS648A.assignment1.AppTest" time="0"/>
  <testcase name="TestRandomQuickSort" classname="CS648A.assignment1.AppTest" time="0"/>
  <testcase name="TestRandomQuickSort" classname="CS648A.assignment1.AppTest" time="0"/>
  <testcase name="TestRandomQuickSort" classname="CS648A.assignment1.AppTest" time="0.001"/>
  <testcase name="TestRandomQuickSort" classname="CS648A.assignment1.AppTest" time="0.001"/>
  <testcase name="TestRandomQuickSort" classname="CS648A.assignment1.AppTest" time="0.001"/>
  <testcase name="TestRandomQuickSort" classname="CS648A.assignment1.AppTest" time="0.001"/>
  <testcase name="TestRandomQuickSort" classname="CS648A.assignment1.AppTest" time="0.001"/>
  <testcase name="TestRandomQuickSort" classname="CS648A.assignment1.AppTest" time="0"/>
  <testcase name="TestRandomQuickSort" classname="CS648A.assignment1.AppTest" time="0"/>
  <testcase name="TestRandomQuickSort" classname="CS648A.assignment1.AppTest" time="0"/>
  <testcase name="TestRandomQuickSort" classname="CS648A.assignment1.AppTest" time="0"/>
  <testcase name="TestRandomQuickSort" classname="CS648A.assignment1.AppTest" time="0.001"/>
  <testcase name="TestRandomQuickSort" classname="CS648A.assignment1.AppTest" time="0.001"/>
  <testcase name="TestRandomQuickSort" classname="CS648A.assignment1.AppTest" time="0"/>
  <testcase name="TestRandomQuickSort" classname="CS648A.assignment1.AppTest" time="0"/>
  <testcase name="TestRandomQuickSort" classname="CS648A.assignment1.AppTest" time="0"/>
  <testcase name="TestRandomQuickSort" classname="CS648A.assignment1.AppTest" time="0.001"/>
  <testcase name="TestRandomQuickSort" classname="CS648A.assignment1.AppTest" time="0.001"/>
  <testcase name="TestRandomQuickSort" classname="CS648A.assignment1.AppTest" time="0.001"/>
  <testcase name="TestRandomQuickSort" classname="CS648A.assignment1.AppTest" time="0"/>
  <testcase name="TestRandomQuickSort" classname="CS648A.assignment1.AppTest" time="0"/>
  <testcase name="TestRandomQuickSort" classname="CS648A.assignment1.AppTest" time="0"/>
  <testcase name="TestRandomQuickSort" classname="CS648A.assignment1.AppTest" time="0"/>
  <testcase name="TestRandomQuickSort" classname="CS648A.assignment1.AppTest" time="0"/>
  <testcase name="TestRandomQuickSort" classname="CS648A.assignment1.AppTest" time="0"/>
  <testcase name="TestRandomQuickSort" classname="CS648A.assignment1.AppTest" time="0.001"/>
  <testcase name="TestRandomQuickSort" classname="CS648A.assignment1.AppTest" time="0.001"/>
  <testcase name="TestRandomQuickSort" classname="CS648A.assignment1.AppTest" time="0.001"/>
  <testcase name="TestRandomQuickSort" classname="CS648A.assignment1.AppTest" time="0.001"/>
  <testcase name="TestRandomQuickSort" classname="CS648A.assignment1.AppTest" time="0.001"/>
  <testcase name="TestRandomQuickSort" classname="CS648A.assignment1.AppTest" time="0.001"/>
  <testcase name="TestRandomQuickSort" classname="CS648A.assignment1.AppTest" time="0"/>
  <testcase name="TestRandomQuickSort" classname="CS648A.assignment1.AppTest" time="0"/>
  <testcase name="TestRandomQuickSort" classname="CS648A.assignment1.AppTest" time="0"/>
  <testcase name="TestRandomQuickSort" classname="CS648A.assignment1.AppTest" time="0"/>
  <testcase name="TestRandomQuickSort" classname="CS648A.assignment1.AppTest" time="0.001"/>
  <testcase name="TestRandomQuickSort" classname="CS648A.assignment1.AppTest" time="0.001"/>
  <testcase name="TestRandomQuickSort" classname="CS648A.assignment1.AppTest" time="0.001"/>
  <testcase name="TestRandomQuickSort" classname="CS648A.assignment1.AppTest" time="0.001"/>
  <testcase name="TestRandomQuickSort" classname="CS648A.assignment1.AppTest" time="0.001"/>
  <testcase name="TestRandomQuickSort" classname="CS648A.assignment1.AppTest" time="0.001"/>
  <testcase name="TestRandomQuickSort" classname="CS648A.assignment1.AppTest" time="0.001"/>
  <testcase name="TestRandomQuickSort" classname="CS648A.assignment1.AppTest" time="0.001"/>
  <testcase name="TestRandomQuickSort" classname="CS648A.assignment1.AppTest" time="0.001"/>
  <testcase name="TestRandomQuickSort" classname="CS648A.assignment1.AppTest" time="0.001"/>
  <testcase name="TestRandomQuickSort" classname="CS648A.assignment1.AppTest" time="0.001"/>
  <testcase name="TestRandomQuickSort" classname="CS648A.assignment1.AppTest" time="0"/>
  <testcase name="TestRandomQuickSort" classname="CS648A.assignment1.AppTest" time="0"/>
  <testcase name="TestRandomQuickSort" classname="CS648A.assignment1.AppTest" time="0"/>
  <testcase name="TestRandomQuickSort" classname="CS648A.assignment1.AppTest" time="0"/>
  <testcase name="TestRandomQuickSort" classname="CS648A.assignment1.AppTest" time="0"/>
  <testcase name="TestRandomQuickSort" classname="CS648A.assignment1.AppTest" time="0"/>
  <testcase name="TestRandomQuickSort" classname="CS648A.assignment1.AppTest" time="0"/>
  <testcase name="TestRandomQuickSort" classname="CS648A.assignment1.AppTest" time="0"/>
  <testcase name="TestRandomQuickSort" classname="CS648A.assignment1.AppTest" time="0"/>
  <testcase name="TestRandomQuickSort" classname="CS648A.assignment1.AppTest" time="0"/>
  <testcase name="TestRandomQuickSort" classname="CS648A.assignment1.AppTest" time="0"/>
  <testcase name="TestRandomQuickSort" classname="CS648A.assignment1.AppTest" time="0"/>
  <testcase name="TestRandomQuickSort" classname="CS648A.assignment1.AppTest" time="0"/>
  <testcase name="TestRandomQuickSort" classname="CS648A.assignment1.AppTest" time="0"/>
  <testcase name="TestRandomQuickSort" classname="CS648A.assignment1.AppTest" time="0.001"/>
  <testcase name="TestRandomQuickSort" classname="CS648A.assignment1.AppTest" time="0"/>
  <testcase name="TestRandomQuickSort" classname="CS648A.assignment1.AppTest" time="0"/>
  <testcase name="TestRandomQuickSort" classname="CS648A.assignment1.AppTest" time="0"/>
  <testcase name="TestRandomQuickSort" classname="CS648A.assignment1.AppTest" time="0.001"/>
  <testcase name="TestRandomQuickSort" classname="CS648A.assignment1.AppTest" time="0.001"/>
  <testcase name="TestRandomQuickSort" classname="CS648A.assignment1.AppTest" time="0.001"/>
  <testcase name="TestRandomQuickSort" classname="CS648A.assignment1.AppTest" time="0.001"/>
  <testcase name="TestRandomQuickSort" classname="CS648A.assignment1.AppTest" time="0.001"/>
  <testcase name="TestRandomQuickSort" classname="CS648A.assignment1.AppTest" time="0.001"/>
  <testcase name="TestRandomQuickSort" classname="CS648A.assignment1.AppTest" time="0.002"/>
  <testcase name="TestRandomQuickSort" classname="CS648A.assignment1.AppTest" time="0"/>
  <testcase name="TestRandomQuickSort" classname="CS648A.assignment1.AppTest" time="0"/>
  <testcase name="TestRandomQuickSort" classname="CS648A.assignment1.AppTest" time="0"/>
  <testcase name="TestRandomQuickSort" classname="CS648A.assignment1.AppTest" time="0"/>
  <testcase name="TestRandomQuickSort" classname="CS648A.assignment1.AppTest" time="0.001"/>
  <testcase name="TestRandomQuickSort" classname="CS648A.assignment1.AppTest" time="0.001"/>
  <testcase name="TestRandomQuickSort" classname="CS648A.assignment1.AppTest" time="0"/>
  <testcase name="TestRandomQuickSort" classname="CS648A.assignment1.AppTest" time="0"/>
  <testcase name="TestRandomQuickSort" classname="CS648A.assignment1.AppTest" time="0.001"/>
  <testcase name="TestRandomQuickSort" classname="CS648A.assignment1.AppTest" time="0"/>
  <testcase name="TestRandomQuickSort" classname="CS648A.assignment1.AppTest" time="0"/>
  <testcase name="TestRandomQuickSort" classname="CS648A.assignment1.AppTest" time="0.001"/>
  <testcase name="TestRandomQuickSort" classname="CS648A.assignment1.AppTest" time="0.001"/>
  <testcase name="TestRandomQuickSort" classname="CS648A.assignment1.AppTest" time="0.001"/>
  <testcase name="TestRandomQuickSort" classname="CS648A.assignment1.AppTest" time="0"/>
  <testcase name="TestRandomQuickSort" classname="CS648A.assignment1.AppTest" time="0"/>
  <testcase name="TestRandomQuickSort" classname="CS648A.assignment1.AppTest" time="0"/>
  <testcase name="TestRandomQuickSort" classname="CS648A.assignment1.AppTest" time="0.001"/>
  <testcase name="TestRandomQuickSort" classname="CS648A.assignment1.AppTest" time="0"/>
  <testcase name="TestRandomQuickSort" classname="CS648A.assignment1.AppTest" time="0"/>
  <testcase name="TestRandomQuickSort" classname="CS648A.assignment1.AppTest" time="0"/>
  <testcase name="TestRandomQuickSort" classname="CS648A.assignment1.AppTest" time="0.001"/>
  <testcase name="TestRandomQuickSort" classname="CS648A.assignment1.AppTest" time="0.001"/>
  <testcase name="TestRandomQuickSort" classname="CS648A.assignment1.AppTest" time="0.001"/>
  <testcase name="TestRandomQuickSort" classname="CS648A.assignment1.AppTest" time="0.001"/>
  <testcase name="TestRandomQuickSort" classname="CS648A.assignment1.AppTest" time="0"/>
  <testcase name="TestRandomQuickSort" classname="CS648A.assignment1.AppTest" time="0"/>
  <testcase name="TestRandomQuickSort" classname="CS648A.assignment1.AppTest" time="0"/>
  <testcase name="TestRandomQuickSort" classname="CS648A.assignment1.AppTest" time="0"/>
  <testcase name="TestRandomQuickSort" classname="CS648A.assignment1.AppTest" time="0.001"/>
  <testcase name="TestRandomQuickSort" classname="CS648A.assignment1.AppTest" time="0"/>
  <testcase name="TestRandomQuickSort" classname="CS648A.assignment1.AppTest" time="0"/>
  <testcase name="TestRandomQuickSort" classname="CS648A.assignment1.AppTest" time="0"/>
  <testcase name="TestRandomQuickSort" classname="CS648A.assignment1.AppTest" time="0"/>
  <testcase name="TestRandomQuickSort" classname="CS648A.assignment1.AppTest" time="0.001"/>
  <testcase name="TestRandomQuickSort" classname="CS648A.assignment1.AppTest" time="0.001"/>
  <testcase name="TestRandomQuickSort" classname="CS648A.assignment1.AppTest" time="0"/>
  <testcase name="TestRandomQuickSort" classname="CS648A.assignment1.AppTest" time="0"/>
  <testcase name="TestRandomQuickSort" classname="CS648A.assignment1.AppTest" time="0"/>
  <testcase name="TestRandomQuickSort" classname="CS648A.assignment1.AppTest" time="0"/>
  <testcase name="TestRandomQuickSort" classname="CS648A.assignment1.AppTest" time="0.001"/>
  <testcase name="TestRandomQuickSort" classname="CS648A.assignment1.AppTest" time="0"/>
  <testcase name="TestRandomQuickSort" classname="CS648A.assignment1.AppTest" time="0"/>
  <testcase name="TestRandomQuickSort" classname="CS648A.assignment1.AppTest" time="0.001"/>
  <testcase name="TestRandomQuickSort" classname="CS648A.assignment1.AppTest" time="0"/>
  <testcase name="TestRandomQuickSort" classname="CS648A.assignment1.AppTest" time="0"/>
  <testcase name="TestRandomQuickSort" classname="CS648A.assignment1.AppTest" time="0"/>
  <testcase name="TestRandomQuickSort" classname="CS648A.assignment1.AppTest" time="0"/>
  <testcase name="TestRandomQuickSort" classname="CS648A.assignment1.AppTest" time="0"/>
  <testcase name="TestRandomQuickSort" classname="CS648A.assignment1.AppTest" time="0.001"/>
  <testcase name="TestRandomQuickSort" classname="CS648A.assignment1.AppTest" time="0"/>
  <testcase name="TestRandomQuickSort" classname="CS648A.assignment1.AppTest" time="0"/>
  <testcase name="TestRandomQuickSort" classname="CS648A.assignment1.AppTest" time="0.001"/>
  <testcase name="TestRandomQuickSort" classname="CS648A.assignment1.AppTest" time="0.001"/>
  <testcase name="TestRandomQuickSort" classname="CS648A.assignment1.AppTest" time="0"/>
  <testcase name="TestRandomQuickSort" classname="CS648A.assignment1.AppTest" time="0"/>
  <testcase name="TestRandomQuickSort" classname="CS648A.assignment1.AppTest" time="0"/>
  <testcase name="TestRandomQuickSort" classname="CS648A.assignment1.AppTest" time="0"/>
  <testcase name="TestRandomQuickSort" classname="CS648A.assignment1.AppTest" time="0"/>
  <testcase name="TestRandomQuickSort" classname="CS648A.assignment1.AppTest" time="0"/>
  <testcase name="TestRandomQuickSort" classname="CS648A.assignment1.AppTest" time="0.001"/>
  <testcase name="TestRandomQuickSort" classname="CS648A.assignment1.AppTest" time="0.001"/>
  <testcase name="TestRandomQuickSort" classname="CS648A.assignment1.AppTest" time="0.001"/>
  <testcase name="TestRandomQuickSort" classname="CS648A.assignment1.AppTest" time="0"/>
  <testcase name="TestRandomQuickSort" classname="CS648A.assignment1.AppTest" time="0"/>
  <testcase name="TestRandomQuickSort" classname="CS648A.assignment1.AppTest" time="0"/>
  <testcase name="TestRandomQuickSort" classname="CS648A.assignment1.AppTest" time="0.001"/>
  <testcase name="TestRandomQuickSort" classname="CS648A.assignment1.AppTest" time="0.001"/>
  <testcase name="TestRandomQuickSort" classname="CS648A.assignment1.AppTest" time="0"/>
  <testcase name="TestRandomQuickSort" classname="CS648A.assignment1.AppTest" time="0"/>
  <testcase name="TestRandomQuickSort" classname="CS648A.assignment1.AppTest" time="0.001"/>
  <testcase name="TestRandomQuickSort" classname="CS648A.assignment1.AppTest" time="0"/>
  <testcase name="TestRandomQuickSort" classname="CS648A.assignment1.AppTest" time="0.001"/>
  <testcase name="TestRandomQuickSort" classname="CS648A.assignment1.AppTest" time="0"/>
  <testcase name="TestRandomQuickSort" classname="CS648A.assignment1.AppTest" time="0"/>
  <testcase name="TestRandomQuickSort" classname="CS648A.assignment1.AppTest" time="0"/>
  <testcase name="TestRandomQuickSort" classname="CS648A.assignment1.AppTest" time="0.001"/>
  <testcase name="TestRandomQuickSort" classname="CS648A.assignment1.AppTest" time="0"/>
  <testcase name="TestRandomQuickSort" classname="CS648A.assignment1.AppTest" time="0"/>
  <testcase name="TestRandomQuickSort" classname="CS648A.assignment1.AppTest" time="0.001"/>
  <testcase name="TestRandomQuickSort" classname="CS648A.assignment1.AppTest" time="0"/>
  <testcase name="TestRandomQuickSort" classname="CS648A.assignment1.AppTest" time="0"/>
  <testcase name="TestRandomQuickSort" classname="CS648A.assignment1.AppTest" time="0"/>
  <testcase name="TestRandomQuickSort" classname="CS648A.assignment1.AppTest" time="0"/>
  <testcase name="TestRandomQuickSort" classname="CS648A.assignment1.AppTest" time="0.001"/>
  <testcase name="TestRandomQuickSort" classname="CS648A.assignment1.AppTest" time="0"/>
  <testcase name="TestRandomQuickSort" classname="CS648A.assignment1.AppTest" time="0"/>
  <testcase name="TestRandomQuickSort" classname="CS648A.assignment1.AppTest" time="0"/>
  <testcase name="TestRandomQuickSort" classname="CS648A.assignment1.AppTest" time="0"/>
  <testcase name="TestRandomQuickSort" classname="CS648A.assignment1.AppTest" time="0"/>
  <testcase name="TestRandomQuickSort" classname="CS648A.assignment1.AppTest" time="0"/>
  <testcase name="TestRandomQuickSort" classname="CS648A.assignment1.AppTest" time="0"/>
  <testcase name="TestRandomQuickSort" classname="CS648A.assignment1.AppTest" time="0"/>
  <testcase name="TestRandomQuickSort" classname="CS648A.assignment1.AppTest" time="0.001"/>
  <testcase name="TestRandomQuickSort" classname="CS648A.assignment1.AppTest" time="0"/>
  <testcase name="TestRandomQuickSort" classname="CS648A.assignment1.AppTest" time="0"/>
  <testcase name="TestRandomQuickSort" classname="CS648A.assignment1.AppTest" time="0"/>
  <testcase name="TestRandomQuickSort" classname="CS648A.assignment1.AppTest" time="0.001"/>
  <testcase name="TestRandomQuickSort" classname="CS648A.assignment1.AppTest" time="0"/>
  <testcase name="TestRandomQuickSort" classname="CS648A.assignment1.AppTest" time="0"/>
  <testcase name="TestRandomQuickSort" classname="CS648A.assignment1.AppTest" time="0.001"/>
  <testcase name="TestRandomQuickSort" classname="CS648A.assignment1.AppTest" time="0.001"/>
  <testcase name="TestRandomQuickSort" classname="CS648A.assignment1.AppTest" time="0"/>
  <testcase name="TestRandomQuickSort" classname="CS648A.assignment1.AppTest" time="0"/>
  <testcase name="TestRandomQuickSort" classname="CS648A.assignment1.AppTest" time="0"/>
  <testcase name="TestRandomQuickSort" classname="CS648A.assignment1.AppTest" time="0.001"/>
  <testcase name="TestMergeSort" classname="CS648A.assignment1.AppTest" time="0.017"/>
  <testcase name="TestMergeSort" classname="CS648A.assignment1.AppTest" time="0.002"/>
  <testcase name="TestMergeSort" classname="CS648A.assignment1.AppTest" time="0.001"/>
  <testcase name="TestMergeSort" classname="CS648A.assignment1.AppTest" time="0.001"/>
  <testcase name="TestMergeSort" classname="CS648A.assignment1.AppTest" time="0.001"/>
  <testcase name="TestMergeSort" classname="CS648A.assignment1.AppTest" time="0.001"/>
  <testcase name="TestMergeSort" classname="CS648A.assignment1.AppTest" time="0.001"/>
  <testcase name="TestMergeSort" classname="CS648A.assignment1.AppTest" time="0.001"/>
  <testcase name="TestMergeSort" classname="CS648A.assignment1.AppTest" time="0.001"/>
  <testcase name="TestMergeSort" classname="CS648A.assignment1.AppTest" time="0.001"/>
  <testcase name="TestMergeSort" classname="CS648A.assignment1.AppTest" time="0"/>
  <testcase name="TestMergeSort" classname="CS648A.assignment1.AppTest" time="0"/>
  <testcase name="TestMergeSort" classname="CS648A.assignment1.AppTest" time="0"/>
  <testcase name="TestMergeSort" classname="CS648A.assignment1.AppTest" time="0.001"/>
  <testcase name="TestMergeSort" classname="CS648A.assignment1.AppTest" time="0.001"/>
  <testcase name="TestMergeSort" classname="CS648A.assignment1.AppTest" time="0.001"/>
  <testcase name="TestMergeSort" classname="CS648A.assignment1.AppTest" time="0.001"/>
  <testcase name="TestMergeSort" classname="CS648A.assignment1.AppTest" time="0.002"/>
  <testcase name="TestMergeSort" classname="CS648A.assignment1.AppTest" time="0.001"/>
  <testcase name="TestMergeSort" classname="CS648A.assignment1.AppTest" time="0.001"/>
  <testcase name="TestMergeSort" classname="CS648A.assignment1.AppTest" time="0.001"/>
  <testcase name="TestMergeSort" classname="CS648A.assignment1.AppTest" time="0"/>
  <testcase name="TestMergeSort" classname="CS648A.assignment1.AppTest" time="0"/>
  <testcase name="TestMergeSort" classname="CS648A.assignment1.AppTest" time="0"/>
  <testcase name="TestMergeSort" classname="CS648A.assignment1.AppTest" time="0"/>
  <testcase name="TestMergeSort" classname="CS648A.assignment1.AppTest" time="0.001"/>
  <testcase name="TestMergeSort" classname="CS648A.assignment1.AppTest" time="0.001"/>
  <testcase name="TestMergeSort" classname="CS648A.assignment1.AppTest" time="0"/>
  <testcase name="TestMergeSort" classname="CS648A.assignment1.AppTest" time="0"/>
  <testcase name="TestMergeSort" classname="CS648A.assignment1.AppTest" time="0"/>
  <testcase name="TestMergeSort" classname="CS648A.assignment1.AppTest" time="0"/>
  <testcase name="TestMergeSort" classname="CS648A.assignment1.AppTest" time="0.001"/>
  <testcase name="TestMergeSort" classname="CS648A.assignment1.AppTest" time="0"/>
  <testcase name="TestMergeSort" classname="CS648A.assignment1.AppTest" time="0"/>
  <testcase name="TestMergeSort" classname="CS648A.assignment1.AppTest" time="0"/>
  <testcase name="TestMergeSort" classname="CS648A.assignment1.AppTest" time="0.001"/>
  <testcase name="TestMergeSort" classname="CS648A.assignment1.AppTest" time="0"/>
  <testcase name="TestMergeSort" classname="CS648A.assignment1.AppTest" time="0"/>
  <testcase name="TestMergeSort" classname="CS648A.assignment1.AppTest" time="0"/>
  <testcase name="TestMergeSort" classname="CS648A.assignment1.AppTest" time="0.001"/>
  <testcase name="TestMergeSort" classname="CS648A.assignment1.AppTest" time="0.001"/>
  <testcase name="TestMergeSort" classname="CS648A.assignment1.AppTest" time="0"/>
  <testcase name="TestMergeSort" classname="CS648A.assignment1.AppTest" time="0"/>
  <testcase name="TestMergeSort" classname="CS648A.assignment1.AppTest" time="0"/>
  <testcase name="TestMergeSort" classname="CS648A.assignment1.AppTest" time="0"/>
  <testcase name="TestMergeSort" classname="CS648A.assignment1.AppTest" time="0"/>
  <testcase name="TestMergeSort" classname="CS648A.assignment1.AppTest" time="0"/>
  <testcase name="TestMergeSort" classname="CS648A.assignment1.AppTest" time="0"/>
  <testcase name="TestMergeSort" classname="CS648A.assignment1.AppTest" time="0"/>
  <testcase name="TestMergeSort" classname="CS648A.assignment1.AppTest" time="0.001"/>
  <testcase name="TestMergeSort" classname="CS648A.assignment1.AppTest" time="0.001"/>
  <testcase name="TestMergeSort" classname="CS648A.assignment1.AppTest" time="0"/>
  <testcase name="TestMergeSort" classname="CS648A.assignment1.AppTest" time="0"/>
  <testcase name="TestMergeSort" classname="CS648A.assignment1.AppTest" time="0"/>
  <testcase name="TestMergeSort" classname="CS648A.assignment1.AppTest" time="0"/>
  <testcase name="TestMergeSort" classname="CS648A.assignment1.AppTest" time="0.001"/>
  <testcase name="TestMergeSort" classname="CS648A.assignment1.AppTest" time="0"/>
  <testcase name="TestMergeSort" classname="CS648A.assignment1.AppTest" time="0"/>
  <testcase name="TestMergeSort" classname="CS648A.assignment1.AppTest" time="0"/>
  <testcase name="TestMergeSort" classname="CS648A.assignment1.AppTest" time="0.001"/>
  <testcase name="TestMergeSort" classname="CS648A.assignment1.AppTest" time="0"/>
  <testcase name="TestMergeSort" classname="CS648A.assignment1.AppTest" time="0"/>
  <testcase name="TestMergeSort" classname="CS648A.assignment1.AppTest" time="0"/>
  <testcase name="TestMergeSort" classname="CS648A.assignment1.AppTest" time="0.001"/>
  <testcase name="TestMergeSort" classname="CS648A.assignment1.AppTest" time="0.001"/>
  <testcase name="TestMergeSort" classname="CS648A.assignment1.AppTest" time="0.001"/>
  <testcase name="TestMergeSort" classname="CS648A.assignment1.AppTest" time="0"/>
  <testcase name="TestMergeSort" classname="CS648A.assignment1.AppTest" time="0"/>
  <testcase name="TestMergeSort" classname="CS648A.assignment1.AppTest" time="0"/>
  <testcase name="TestMergeSort" classname="CS648A.assignment1.AppTest" time="0.001"/>
  <testcase name="TestMergeSort" classname="CS648A.assignment1.AppTest" time="0.001"/>
  <testcase name="TestMergeSort" classname="CS648A.assignment1.AppTest" time="0"/>
  <testcase name="TestMergeSort" classname="CS648A.assignment1.AppTest" time="0"/>
  <testcase name="TestMergeSort" classname="CS648A.assignment1.AppTest" time="0"/>
  <testcase name="TestMergeSort" classname="CS648A.assignment1.AppTest" time="0"/>
  <testcase name="TestMergeSort" classname="CS648A.assignment1.AppTest" time="0"/>
  <testcase name="TestMergeSort" classname="CS648A.assignment1.AppTest" time="0.001"/>
  <testcase name="TestMergeSort" classname="CS648A.assignment1.AppTest" time="0.001"/>
  <testcase name="TestMergeSort" classname="CS648A.assignment1.AppTest" time="0.001"/>
  <testcase name="TestMergeSort" classname="CS648A.assignment1.AppTest" time="0"/>
  <testcase name="TestMergeSort" classname="CS648A.assignment1.AppTest" time="0"/>
  <testcase name="TestMergeSort" classname="CS648A.assignment1.AppTest" time="0"/>
  <testcase name="TestMergeSort" classname="CS648A.assignment1.AppTest" time="0.001"/>
  <testcase name="TestMergeSort" classname="CS648A.assignment1.AppTest" time="0.001"/>
  <testcase name="TestMergeSort" classname="CS648A.assignment1.AppTest" time="0.002"/>
  <testcase name="TestMergeSort" classname="CS648A.assignment1.AppTest" time="0"/>
  <testcase name="TestMergeSort" classname="CS648A.assignment1.AppTest" time="0"/>
  <testcase name="TestMergeSort" classname="CS648A.assignment1.AppTest" time="0"/>
  <testcase name="TestMergeSort" classname="CS648A.assignment1.AppTest" time="0.001"/>
  <testcase name="TestMergeSort" classname="CS648A.assignment1.AppTest" time="0.001"/>
  <testcase name="TestMergeSort" classname="CS648A.assignment1.AppTest" time="0"/>
  <testcase name="TestMergeSort" classname="CS648A.assignment1.AppTest" time="0"/>
  <testcase name="TestMergeSort" classname="CS648A.assignment1.AppTest" time="0"/>
  <testcase name="TestMergeSort" classname="CS648A.assignment1.AppTest" time="0.001"/>
  <testcase name="TestMergeSort" classname="CS648A.assignment1.AppTest" time="0.001"/>
  <testcase name="TestMergeSort" classname="CS648A.assignment1.AppTest" time="0.001"/>
  <testcase name="TestMergeSort" classname="CS648A.assignment1.AppTest" time="0"/>
  <testcase name="TestMergeSort" classname="CS648A.assignment1.AppTest" time="0.001"/>
  <testcase name="TestMergeSort" classname="CS648A.assignment1.AppTest" time="0.001"/>
  <testcase name="TestMergeSort" classname="CS648A.assignment1.AppTest" time="0.001"/>
  <testcase name="TestMergeSort" classname="CS648A.assignment1.AppTest" time="0.01"/>
  <testcase name="TestMergeSort" classname="CS648A.assignment1.AppTest" time="0"/>
  <testcase name="TestMergeSort" classname="CS648A.assignment1.AppTest" time="0"/>
  <testcase name="TestMergeSort" classname="CS648A.assignment1.AppTest" time="0"/>
  <testcase name="TestMergeSort" classname="CS648A.assignment1.AppTest" time="0"/>
  <testcase name="TestMergeSort" classname="CS648A.assignment1.AppTest" time="0"/>
  <testcase name="TestMergeSort" classname="CS648A.assignment1.AppTest" time="0"/>
  <testcase name="TestMergeSort" classname="CS648A.assignment1.AppTest" time="0"/>
  <testcase name="TestMergeSort" classname="CS648A.assignment1.AppTest" time="0"/>
  <testcase name="TestMergeSort" classname="CS648A.assignment1.AppTest" time="0.001"/>
  <testcase name="TestMergeSort" classname="CS648A.assignment1.AppTest" time="0.001"/>
  <testcase name="TestMergeSort" classname="CS648A.assignment1.AppTest" time="0.001"/>
  <testcase name="TestMergeSort" classname="CS648A.assignment1.AppTest" time="0"/>
  <testcase name="TestMergeSort" classname="CS648A.assignment1.AppTest" time="0"/>
  <testcase name="TestMergeSort" classname="CS648A.assignment1.AppTest" time="0"/>
  <testcase name="TestMergeSort" classname="CS648A.assignment1.AppTest" time="0.001"/>
  <testcase name="TestMergeSort" classname="CS648A.assignment1.AppTest" time="0.001"/>
  <testcase name="TestMergeSort" classname="CS648A.assignment1.AppTest" time="0.001"/>
  <testcase name="TestMergeSort" classname="CS648A.assignment1.AppTest" time="0.001"/>
  <testcase name="TestMergeSort" classname="CS648A.assignment1.AppTest" time="0"/>
  <testcase name="TestMergeSort" classname="CS648A.assignment1.AppTest" time="0"/>
  <testcase name="TestMergeSort" classname="CS648A.assignment1.AppTest" time="0"/>
  <testcase name="TestMergeSort" classname="CS648A.assignment1.AppTest" time="0.001"/>
  <testcase name="TestMergeSort" classname="CS648A.assignment1.AppTest" time="0"/>
  <testcase name="TestMergeSort" classname="CS648A.assignment1.AppTest" time="0"/>
  <testcase name="TestMergeSort" classname="CS648A.assignment1.AppTest" time="0"/>
  <testcase name="TestMergeSort" classname="CS648A.assignment1.AppTest" time="0"/>
  <testcase name="TestMergeSort" classname="CS648A.assignment1.AppTest" time="0.001"/>
  <testcase name="TestMergeSort" classname="CS648A.assignment1.AppTest" time="0.001"/>
  <testcase name="TestMergeSort" classname="CS648A.assignment1.AppTest" time="0"/>
  <testcase name="TestMergeSort" classname="CS648A.assignment1.AppTest" time="0"/>
  <testcase name="TestMergeSort" classname="CS648A.assignment1.AppTest" time="0"/>
  <testcase name="TestMergeSort" classname="CS648A.assignment1.AppTest" time="0.001"/>
  <testcase name="TestMergeSort" classname="CS648A.assignment1.AppTest" time="0"/>
  <testcase name="TestMergeSort" classname="CS648A.assignment1.AppTest" time="0"/>
  <testcase name="TestMergeSort" classname="CS648A.assignment1.AppTest" time="0.001"/>
  <testcase name="TestMergeSort" classname="CS648A.assignment1.AppTest" time="0.001"/>
  <testcase name="TestMergeSort" classname="CS648A.assignment1.AppTest" time="0.001"/>
  <testcase name="TestMergeSort" classname="CS648A.assignment1.AppTest" time="0.001"/>
  <testcase name="TestMergeSort" classname="CS648A.assignment1.AppTest" time="0"/>
  <testcase name="TestMergeSort" classname="CS648A.assignment1.AppTest" time="0"/>
  <testcase name="TestMergeSort" classname="CS648A.assignment1.AppTest" time="0"/>
  <testcase name="TestMergeSort" classname="CS648A.assignment1.AppTest" time="0"/>
  <testcase name="TestMergeSort" classname="CS648A.assignment1.AppTest" time="0"/>
  <testcase name="TestMergeSort" classname="CS648A.assignment1.AppTest" time="0"/>
  <testcase name="TestMergeSort" classname="CS648A.assignment1.AppTest" time="0.001"/>
  <testcase name="TestMergeSort" classname="CS648A.assignment1.AppTest" time="0.001"/>
  <testcase name="TestMergeSort" classname="CS648A.assignment1.AppTest" time="0"/>
  <testcase name="TestMergeSort" classname="CS648A.assignment1.AppTest" time="0"/>
  <testcase name="TestMergeSort" classname="CS648A.assignment1.AppTest" time="0.001"/>
  <testcase name="TestMergeSort" classname="CS648A.assignment1.AppTest" time="0"/>
  <testcase name="TestMergeSort" classname="CS648A.assignment1.AppTest" time="0"/>
  <testcase name="TestMergeSort" classname="CS648A.assignment1.AppTest" time="0.001"/>
  <testcase name="TestMergeSort" classname="CS648A.assignment1.AppTest" time="0"/>
  <testcase name="TestMergeSort" classname="CS648A.assignment1.AppTest" time="0"/>
  <testcase name="TestMergeSort" classname="CS648A.assignment1.AppTest" time="0.001"/>
  <testcase name="TestMergeSort" classname="CS648A.assignment1.AppTest" time="0"/>
  <testcase name="TestMergeSort" classname="CS648A.assignment1.AppTest" time="0"/>
  <testcase name="TestMergeSort" classname="CS648A.assignment1.AppTest" time="0"/>
  <testcase name="TestMergeSort" classname="CS648A.assignment1.AppTest" time="0"/>
  <testcase name="TestMergeSort" classname="CS648A.assignment1.AppTest" time="0.001"/>
  <testcase name="TestMergeSort" classname="CS648A.assignment1.AppTest" time="0"/>
  <testcase name="TestMergeSort" classname="CS648A.assignment1.AppTest" time="0"/>
  <testcase name="TestMergeSort" classname="CS648A.assignment1.AppTest" time="0"/>
  <testcase name="TestMergeSort" classname="CS648A.assignment1.AppTest" time="0.001"/>
  <testcase name="TestMergeSort" classname="CS648A.assignment1.AppTest" time="0"/>
  <testcase name="TestMergeSort" classname="CS648A.assignment1.AppTest" time="0"/>
  <testcase name="TestMergeSort" classname="CS648A.assignment1.AppTest" time="0"/>
  <testcase name="TestMergeSort" classname="CS648A.assignment1.AppTest" time="0.001"/>
  <testcase name="TestMergeSort" classname="CS648A.assignment1.AppTest" time="0"/>
  <testcase name="TestMergeSort" classname="CS648A.assignment1.AppTest" time="0"/>
  <testcase name="TestMergeSort" classname="CS648A.assignment1.AppTest" time="0"/>
  <testcase name="TestMergeSort" classname="CS648A.assignment1.AppTest" time="0.001"/>
  <testcase name="TestMergeSort" classname="CS648A.assignment1.AppTest" time="0.001"/>
  <testcase name="TestMergeSort" classname="CS648A.assignment1.AppTest" time="0"/>
  <testcase name="TestMergeSort" classname="CS648A.assignment1.AppTest" time="0"/>
  <testcase name="TestMergeSort" classname="CS648A.assignment1.AppTest" time="0"/>
  <testcase name="TestMergeSort" classname="CS648A.assignment1.AppTest" time="0"/>
  <testcase name="TestMergeSort" classname="CS648A.assignment1.AppTest" time="0.001"/>
  <testcase name="TestMergeSort" classname="CS648A.assignment1.AppTest" time="0.001"/>
  <testcase name="TestMergeSort" classname="CS648A.assignment1.AppTest" time="0"/>
  <testcase name="TestMergeSort" classname="CS648A.assignment1.AppTest" time="0"/>
  <testcase name="TestMergeSort" classname="CS648A.assignment1.AppTest" time="0"/>
  <testcase name="TestMergeSort" classname="CS648A.assignment1.AppTest" time="0.001"/>
  <testcase name="TestMergeSort" classname="CS648A.assignment1.AppTest" time="0"/>
  <testcase name="TestMergeSort" classname="CS648A.assignment1.AppTest" time="0"/>
  <testcase name="TestMergeSort" classname="CS648A.assignment1.AppTest" time="0"/>
  <testcase name="TestMergeSort" classname="CS648A.assignment1.AppTest" time="0.001"/>
  <testcase name="TestMergeSort" classname="CS648A.assignment1.AppTest" time="0.001"/>
  <testcase name="TestMergeSort" classname="CS648A.assignment1.AppTest" time="0"/>
  <testcase name="TestMergeSort" classname="CS648A.assignment1.AppTest" time="0"/>
  <testcase name="TestMergeSort" classname="CS648A.assignment1.AppTest" time="0"/>
  <testcase name="TestMergeSort" classname="CS648A.assignment1.AppTest" time="0.001"/>
  <testcase name="TestMergeSort" classname="CS648A.assignment1.AppTest" time="0.001"/>
  <testcase name="TestMergeSort" classname="CS648A.assignment1.AppTest" time="0"/>
  <testcase name="TestMergeSort" classname="CS648A.assignment1.AppTest" time="0"/>
  <testcase name="TestMergeSort" classname="CS648A.assignment1.AppTest" time="0"/>
  <testcase name="TestMergeSort" classname="CS648A.assignment1.AppTest" time="0.001"/>
  <testcase name="TestMergeSort" classname="CS648A.assignment1.AppTest" time="0"/>
  <testcase name="TestMergeSort" classname="CS648A.assignment1.AppTest" time="0"/>
  <testcase name="TestMergeSort" classname="CS648A.assignment1.AppTest" time="0.001"/>
  <testcase name="TestMergeSort" classname="CS648A.assignment1.AppTest" time="0"/>
  <testcase name="TestMergeSort" classname="CS648A.assignment1.AppTest" time="0"/>
  <testcase name="TestMergeSort" classname="CS648A.assignment1.AppTest" time="0"/>
  <testcase name="TestMergeSort" classname="CS648A.assignment1.AppTest" time="0.001"/>
  <testcase name="TestMergeSort" classname="CS648A.assignment1.AppTest" time="0"/>
  <testcase name="TestMergeSort" classname="CS648A.assignment1.AppTest" time="0"/>
  <testcase name="TestMergeSort" classname="CS648A.assignment1.AppTest" time="0.001"/>
  <testcase name="TestMergeSort" classname="CS648A.assignment1.AppTest" time="0"/>
  <testcase name="TestMergeSort" classname="CS648A.assignment1.AppTest" time="0"/>
  <testcase name="TestMergeSort" classname="CS648A.assignment1.AppTest" time="0.001"/>
  <testcase name="TestMergeSort" classname="CS648A.assignment1.AppTest" time="0"/>
  <testcase name="TestMergeSort" classname="CS648A.assignment1.AppTest" time="0"/>
  <testcase name="TestMergeSort" classname="CS648A.assignment1.AppTest" time="0.001"/>
  <testcase name="TestMergeSort" classname="CS648A.assignment1.AppTest" time="0"/>
  <testcase name="TestMergeSort" classname="CS648A.assignment1.AppTest" time="0"/>
  <testcase name="TestMergeSort" classname="CS648A.assignment1.AppTest" time="0.001"/>
  <testcase name="TestMergeSort" classname="CS648A.assignment1.AppTest" time="0"/>
  <testcase name="TestMergeSort" classname="CS648A.assignment1.AppTest" time="0"/>
  <testcase name="TestMergeSort" classname="CS648A.assignment1.AppTest" time="0.001"/>
  <testcase name="TestMergeSort" classname="CS648A.assignment1.AppTest" time="0"/>
  <testcase name="TestMergeSort" classname="CS648A.assignment1.AppTest" time="0"/>
  <testcase name="TestMergeSort" classname="CS648A.assignment1.AppTest" time="0.001"/>
  <testcase name="TestMergeSort" classname="CS648A.assignment1.AppTest" time="0"/>
  <testcase name="TestMergeSort" classname="CS648A.assignment1.AppTest" time="0"/>
  <testcase name="TestMergeSort" classname="CS648A.assignment1.AppTest" time="0"/>
  <testcase name="TestMergeSort" classname="CS648A.assignment1.AppTest" time="0"/>
  <testcase name="TestMergeSort" classname="CS648A.assignment1.AppTest" time="0.001"/>
  <testcase name="TestMergeSort" classname="CS648A.assignment1.AppTest" time="0"/>
  <testcase name="TestMergeSort" classname="CS648A.assignment1.AppTest" time="0"/>
  <testcase name="TestMergeSort" classname="CS648A.assignment1.AppTest" time="0.001"/>
  <testcase name="TestMergeSort" classname="CS648A.assignment1.AppTest" time="0"/>
  <testcase name="TestMergeSort" classname="CS648A.assignment1.AppTest" time="0"/>
  <testcase name="TestMergeSort" classname="CS648A.assignment1.AppTest" time="0.001"/>
  <testcase name="TestMergeSort" classname="CS648A.assignment1.AppTest" time="0"/>
  <testcase name="TestMergeSort" classname="CS648A.assignment1.AppTest" time="0"/>
  <testcase name="TestMergeSort" classname="CS648A.assignment1.AppTest" time="0.001"/>
  <testcase name="TestMergeSort" classname="CS648A.assignment1.AppTest" time="0"/>
  <testcase name="TestMergeSort" classname="CS648A.assignment1.AppTest" time="0"/>
  <testcase name="TestMergeSort" classname="CS648A.assignment1.AppTest" time="0.001"/>
  <testcase name="TestMergeSort" classname="CS648A.assignment1.AppTest" time="0"/>
  <testcase name="TestMergeSort" classname="CS648A.assignment1.AppTest" time="0"/>
  <testcase name="TestMergeSort" classname="CS648A.assignment1.AppTest" time="0.001"/>
  <testcase name="TestMergeSort" classname="CS648A.assignment1.AppTest" time="0"/>
  <testcase name="TestMergeSort" classname="CS648A.assignment1.AppTest" time="0"/>
  <testcase name="TestMergeSort" classname="CS648A.assignment1.AppTest" time="0.001"/>
  <testcase name="TestMergeSort" classname="CS648A.assignment1.AppTest" time="0"/>
  <testcase name="TestMergeSort" classname="CS648A.assignment1.AppTest" time="0"/>
  <testcase name="TestMergeSort" classname="CS648A.assignment1.AppTest" time="0.001"/>
  <testcase name="TestMergeSort" classname="CS648A.assignment1.AppTest" time="0"/>
  <testcase name="TestMergeSort" classname="CS648A.assignment1.AppTest" time="0"/>
  <testcase name="TestMergeSort" classname="CS648A.assignment1.AppTest" time="0.001"/>
  <testcase name="TestMergeSort" classname="CS648A.assignment1.AppTest" time="0"/>
  <testcase name="TestMergeSort" classname="CS648A.assignment1.AppTest" time="0"/>
  <testcase name="TestMergeSort" classname="CS648A.assignment1.AppTest" time="0"/>
  <testcase name="TestMergeSort" classname="CS648A.assignment1.AppTest" time="0.001"/>
  <testcase name="TestMergeSort" classname="CS648A.assignment1.AppTest" time="0"/>
  <testcase name="TestMergeSort" classname="CS648A.assignment1.AppTest" time="0"/>
  <testcase name="TestMergeSort" classname="CS648A.assignment1.AppTest" time="0.001"/>
  <testcase name="TestMergeSort" classname="CS648A.assignment1.AppTest" time="0.001"/>
  <testcase name="TestMergeSort" classname="CS648A.assignment1.AppTest" time="0"/>
  <testcase name="TestMergeSort" classname="CS648A.assignment1.AppTest" time="0"/>
  <testcase name="TestMergeSort" classname="CS648A.assignment1.AppTest" time="0.001"/>
  <testcase name="TestMergeSort" classname="CS648A.assignment1.AppTest" time="0.001"/>
  <testcase name="TestMergeSort" classname="CS648A.assignment1.AppTest" time="0.001"/>
  <testcase name="TestMergeSort" classname="CS648A.assignment1.AppTest" time="0.001"/>
  <testcase name="TestMergeSort" classname="CS648A.assignment1.AppTest" time="0.001"/>
  <testcase name="TestMergeSort" classname="CS648A.assignment1.AppTest" time="0.001"/>
  <testcase name="TestMergeSort" classname="CS648A.assignment1.AppTest" time="0"/>
  <testcase name="TestMergeSort" classname="CS648A.assignment1.AppTest" time="0"/>
  <testcase name="TestMergeSort" classname="CS648A.assignment1.AppTest" time="0"/>
  <testcase name="TestMergeSort" classname="CS648A.assignment1.AppTest" time="0"/>
  <testcase name="TestMergeSort" classname="CS648A.assignment1.AppTest" time="0"/>
  <testcase name="TestMergeSort" classname="CS648A.assignment1.AppTest" time="0"/>
  <testcase name="TestMergeSort" classname="CS648A.assignment1.AppTest" time="0"/>
  <testcase name="TestMergeSort" classname="CS648A.assignment1.AppTest" time="0"/>
  <testcase name="TestMergeSort" classname="CS648A.assignment1.AppTest" time="0"/>
  <testcase name="TestMergeSort" classname="CS648A.assignment1.AppTest" time="0"/>
  <testcase name="TestMergeSort" classname="CS648A.assignment1.AppTest" time="0"/>
  <testcase name="TestMergeSort" classname="CS648A.assignment1.AppTest" time="0"/>
  <testcase name="TestMergeSort" classname="CS648A.assignment1.AppTest" time="0.001"/>
  <testcase name="TestMergeSort" classname="CS648A.assignment1.AppTest" time="0"/>
  <testcase name="TestMergeSort" classname="CS648A.assignment1.AppTest" time="0"/>
  <testcase name="TestMergeSort" classname="CS648A.assignment1.AppTest" time="0"/>
  <testcase name="TestMergeSort" classname="CS648A.assignment1.AppTest" time="0.001"/>
  <testcase name="TestMergeSort" classname="CS648A.assignment1.AppTest" time="0"/>
  <testcase name="TestMergeSort" classname="CS648A.assignment1.AppTest" time="0"/>
  <testcase name="TestMergeSort" classname="CS648A.assignment1.AppTest" time="0.001"/>
  <testcase name="TestMergeSort" classname="CS648A.assignment1.AppTest" time="0"/>
  <testcase name="TestMergeSort" classname="CS648A.assignment1.AppTest" time="0"/>
  <testcase name="TestMergeSort" classname="CS648A.assignment1.AppTest" time="0"/>
  <testcase name="TestMergeSort" classname="CS648A.assignment1.AppTest" time="0.001"/>
  <testcase name="TestMergeSort" classname="CS648A.assignment1.AppTest" time="0"/>
  <testcase name="TestMergeSort" classname="CS648A.assignment1.AppTest" time="0"/>
  <testcase name="TestMergeSort" classname="CS648A.assignment1.AppTest" time="0.001"/>
  <testcase name="TestMergeSort" classname="CS648A.assignment1.AppTest" time="0"/>
  <testcase name="TestMergeSort" classname="CS648A.assignment1.AppTest" time="0"/>
  <testcase name="TestMergeSort" classname="CS648A.assignment1.AppTest" time="0.001"/>
  <testcase name="TestMergeSort" classname="CS648A.assignment1.AppTest" time="0"/>
  <testcase name="TestMergeSort" classname="CS648A.assignment1.AppTest" time="0"/>
  <testcase name="TestMergeSort" classname="CS648A.assignment1.AppTest" time="0.001"/>
  <testcase name="TestMergeSort" classname="CS648A.assignment1.AppTest" time="0"/>
  <testcase name="TestMergeSort" classname="CS648A.assignment1.AppTest" time="0"/>
  <testcase name="TestMergeSort" classname="CS648A.assignment1.AppTest" time="0.001"/>
  <testcase name="TestMergeSort" classname="CS648A.assignment1.AppTest" time="0"/>
  <testcase name="TestMergeSort" classname="CS648A.assignment1.AppTest" time="0"/>
  <testcase name="TestMergeSort" classname="CS648A.assignment1.AppTest" time="0.001"/>
  <testcase name="TestMergeSort" classname="CS648A.assignment1.AppTest" time="0"/>
  <testcase name="TestMergeSort" classname="CS648A.assignment1.AppTest" time="0"/>
  <testcase name="TestMergeSort" classname="CS648A.assignment1.AppTest" time="0"/>
  <testcase name="TestMergeSort" classname="CS648A.assignment1.AppTest" time="0.001"/>
  <testcase name="TestMergeSort" classname="CS648A.assignment1.AppTest" time="0"/>
  <testcase name="TestMergeSort" classname="CS648A.assignment1.AppTest" time="0"/>
  <testcase name="TestMergeSort" classname="CS648A.assignment1.AppTest" time="0.001"/>
  <testcase name="TestMergeSort" classname="CS648A.assignment1.AppTest" time="0"/>
  <testcase name="TestMergeSort" classname="CS648A.assignment1.AppTest" time="0"/>
  <testcase name="TestMergeSort" classname="CS648A.assignment1.AppTest" time="0.001"/>
  <testcase name="TestMergeSort" classname="CS648A.assignment1.AppTest" time="0"/>
  <testcase name="TestMergeSort" classname="CS648A.assignment1.AppTest" time="0"/>
  <testcase name="TestMergeSort" classname="CS648A.assignment1.AppTest" time="0.001"/>
  <testcase name="TestMergeSort" classname="CS648A.assignment1.AppTest" time="0.001"/>
  <testcase name="TestMergeSort" classname="CS648A.assignment1.AppTest" time="0"/>
  <testcase name="TestMergeSort" classname="CS648A.assignment1.AppTest" time="0"/>
  <testcase name="TestMergeSort" classname="CS648A.assignment1.AppTest" time="0.001"/>
  <testcase name="TestMergeSort" classname="CS648A.assignment1.AppTest" time="0"/>
  <testcase name="TestMergeSort" classname="CS648A.assignment1.AppTest" time="0"/>
  <testcase name="TestMergeSort" classname="CS648A.assignment1.AppTest" time="0.001"/>
  <testcase name="TestMergeSort" classname="CS648A.assignment1.AppTest" time="0"/>
  <testcase name="TestMergeSort" classname="CS648A.assignment1.AppTest" time="0"/>
  <testcase name="TestMergeSort" classname="CS648A.assignment1.AppTest" time="0"/>
  <testcase name="TestMergeSort" classname="CS648A.assignment1.AppTest" time="0.001"/>
  <testcase name="TestMergeSort" classname="CS648A.assignment1.AppTest" time="0"/>
  <testcase name="TestMergeSort" classname="CS648A.assignment1.AppTest" time="0"/>
  <testcase name="TestMergeSort" classname="CS648A.assignment1.AppTest" time="0.001"/>
  <testcase name="TestMergeSort" classname="CS648A.assignment1.AppTest" time="0"/>
  <testcase name="TestMergeSort" classname="CS648A.assignment1.AppTest" time="0"/>
  <testcase name="TestMergeSort" classname="CS648A.assignment1.AppTest" time="0.001"/>
  <testcase name="TestMergeSort" classname="CS648A.assignment1.AppTest" time="0"/>
  <testcase name="TestMergeSort" classname="CS648A.assignment1.AppTest" time="0"/>
  <testcase name="TestMergeSort" classname="CS648A.assignment1.AppTest" time="0.001"/>
  <testcase name="TestMergeSort" classname="CS648A.assignment1.AppTest" time="0.001"/>
  <testcase name="TestMergeSort" classname="CS648A.assignment1.AppTest" time="0"/>
  <testcase name="TestMergeSort" classname="CS648A.assignment1.AppTest" time="0"/>
  <testcase name="TestMergeSort" classname="CS648A.assignment1.AppTest" time="0.001"/>
  <testcase name="TestMergeSort" classname="CS648A.assignment1.AppTest" time="0"/>
  <testcase name="TestMergeSort" classname="CS648A.assignment1.AppTest" time="0"/>
  <testcase name="TestMergeSort" classname="CS648A.assignment1.AppTest" time="0.001"/>
  <testcase name="TestMergeSort" classname="CS648A.assignment1.AppTest" time="0"/>
  <testcase name="TestMergeSort" classname="CS648A.assignment1.AppTest" time="0"/>
  <testcase name="TestMergeSort" classname="CS648A.assignment1.AppTest" time="0.001"/>
  <testcase name="TestMergeSort" classname="CS648A.assignment1.AppTest" time="0.001"/>
  <testcase name="TestMergeSort" classname="CS648A.assignment1.AppTest" time="0"/>
  <testcase name="TestMergeSort" classname="CS648A.assignment1.AppTest" time="0"/>
  <testcase name="TestMergeSort" classname="CS648A.assignment1.AppTest" time="0.001"/>
  <testcase name="TestMergeSort" classname="CS648A.assignment1.AppTest" time="0"/>
  <testcase name="TestMergeSort" classname="CS648A.assignment1.AppTest" time="0"/>
  <testcase name="TestMergeSort" classname="CS648A.assignment1.AppTest" time="0.001"/>
  <testcase name="TestMergeSort" classname="CS648A.assignment1.AppTest" time="0.001"/>
  <testcase name="TestMergeSort" classname="CS648A.assignment1.AppTest" time="0.001"/>
  <testcase name="TestMergeSort" classname="CS648A.assignment1.AppTest" time="0.001"/>
  <testcase name="TestMergeSort" classname="CS648A.assignment1.AppTest" time="0.001"/>
  <testcase name="TestMergeSort" classname="CS648A.assignment1.AppTest" time="0.001"/>
  <testcase name="TestMergeSort" classname="CS648A.assignment1.AppTest" time="0.001"/>
  <testcase name="TestMergeSort" classname="CS648A.assignment1.AppTest" time="0"/>
  <testcase name="TestMergeSort" classname="CS648A.assignment1.AppTest" time="0"/>
  <testcase name="TestMergeSort" classname="CS648A.assignment1.AppTest" time="0"/>
  <testcase name="TestMergeSort" classname="CS648A.assignment1.AppTest" time="0.001"/>
  <testcase name="TestMergeSort" classname="CS648A.assignment1.AppTest" time="0.001"/>
  <testcase name="TestMergeSort" classname="CS648A.assignment1.AppTest" time="0"/>
  <testcase name="TestMergeSort" classname="CS648A.assignment1.AppTest" time="0"/>
  <testcase name="TestMergeSort" classname="CS648A.assignment1.AppTest" time="0.001"/>
  <testcase name="TestMergeSort" classname="CS648A.assignment1.AppTest" time="0"/>
  <testcase name="TestMergeSort" classname="CS648A.assignment1.AppTest" time="0"/>
  <testcase name="TestMergeSort" classname="CS648A.assignment1.AppTest" time="0"/>
  <testcase name="TestMergeSort" classname="CS648A.assignment1.AppTest" time="0.001"/>
  <testcase name="TestMergeSort" classname="CS648A.assignment1.AppTest" time="0"/>
  <testcase name="TestMergeSort" classname="CS648A.assignment1.AppTest" time="0"/>
  <testcase name="TestMergeSort" classname="CS648A.assignment1.AppTest" time="0"/>
  <testcase name="TestMergeSort" classname="CS648A.assignment1.AppTest" time="0.001"/>
  <testcase name="TestMergeSort" classname="CS648A.assignment1.AppTest" time="0"/>
  <testcase name="TestMergeSort" classname="CS648A.assignment1.AppTest" time="0"/>
  <testcase name="TestMergeSort" classname="CS648A.assignment1.AppTest" time="0.001"/>
  <testcase name="TestMergeSort" classname="CS648A.assignment1.AppTest" time="0"/>
  <testcase name="TestMergeSort" classname="CS648A.assignment1.AppTest" time="0"/>
  <testcase name="TestMergeSort" classname="CS648A.assignment1.AppTest" time="0"/>
  <testcase name="TestMergeSort" classname="CS648A.assignment1.AppTest" time="0.001"/>
  <testcase name="TestMergeSort" classname="CS648A.assignment1.AppTest" time="0"/>
  <testcase name="TestMergeSort" classname="CS648A.assignment1.AppTest" time="0"/>
  <testcase name="TestMergeSort" classname="CS648A.assignment1.AppTest" time="0.001"/>
  <testcase name="TestMergeSort" classname="CS648A.assignment1.AppTest" time="0"/>
  <testcase name="TestMergeSort" classname="CS648A.assignment1.AppTest" time="0"/>
  <testcase name="TestMergeSort" classname="CS648A.assignment1.AppTest" time="0.001"/>
  <testcase name="TestMergeSort" classname="CS648A.assignment1.AppTest" time="0"/>
  <testcase name="TestMergeSort" classname="CS648A.assignment1.AppTest" time="0"/>
  <testcase name="TestMergeSort" classname="CS648A.assignment1.AppTest" time="0.001"/>
  <testcase name="TestMergeSort" classname="CS648A.assignment1.AppTest" time="0.001"/>
  <testcase name="TestMergeSort" classname="CS648A.assignment1.AppTest" time="0"/>
  <testcase name="TestMergeSort" classname="CS648A.assignment1.AppTest" time="0.001"/>
  <testcase name="TestMergeSort" classname="CS648A.assignment1.AppTest" time="0"/>
  <testcase name="TestMergeSort" classname="CS648A.assignment1.AppTest" time="0.001"/>
  <testcase name="TestMergeSort" classname="CS648A.assignment1.AppTest" time="0"/>
  <testcase name="TestMergeSort" classname="CS648A.assignment1.AppTest" time="0"/>
  <testcase name="TestMergeSort" classname="CS648A.assignment1.AppTest" time="0.001"/>
  <testcase name="TestMergeSort" classname="CS648A.assignment1.AppTest" time="0"/>
  <testcase name="TestMergeSort" classname="CS648A.assignment1.AppTest" time="0"/>
  <testcase name="TestMergeSort" classname="CS648A.assignment1.AppTest" time="0.001"/>
  <testcase name="TestMergeSort" classname="CS648A.assignment1.AppTest" time="0"/>
  <testcase name="TestMergeSort" classname="CS648A.assignment1.AppTest" time="0"/>
  <testcase name="TestMergeSort" classname="CS648A.assignment1.AppTest" time="0"/>
  <testcase name="TestMergeSort" classname="CS648A.assignment1.AppTest" time="0"/>
  <testcase name="TestMergeSort" classname="CS648A.assignment1.AppTest" time="0.001"/>
  <testcase name="TestMergeSort" classname="CS648A.assignment1.AppTest" time="0"/>
  <testcase name="TestMergeSort" classname="CS648A.assignment1.AppTest" time="0"/>
  <testcase name="TestMergeSort" classname="CS648A.assignment1.AppTest" time="0.001"/>
  <testcase name="TestMergeSort" classname="CS648A.assignment1.AppTest" time="0"/>
  <testcase name="TestMergeSort" classname="CS648A.assignment1.AppTest" time="0"/>
  <testcase name="TestMergeSort" classname="CS648A.assignment1.AppTest" time="0"/>
  <testcase name="TestMergeSort" classname="CS648A.assignment1.AppTest" time="0.001"/>
  <testcase name="TestMergeSort" classname="CS648A.assignment1.AppTest" time="0"/>
  <testcase name="TestMergeSort" classname="CS648A.assignment1.AppTest" time="0"/>
  <testcase name="TestMergeSort" classname="CS648A.assignment1.AppTest" time="0"/>
  <testcase name="TestMergeSort" classname="CS648A.assignment1.AppTest" time="0"/>
  <testcase name="TestMergeSort" classname="CS648A.assignment1.AppTest" time="0"/>
  <testcase name="TestMergeSort" classname="CS648A.assignment1.AppTest" time="0.001"/>
  <testcase name="TestMergeSort" classname="CS648A.assignment1.AppTest" time="0"/>
  <testcase name="TestMergeSort" classname="CS648A.assignment1.AppTest" time="0"/>
  <testcase name="TestMergeSort" classname="CS648A.assignment1.AppTest" time="0.001"/>
  <testcase name="TestMergeSort" classname="CS648A.assignment1.AppTest" time="0"/>
  <testcase name="TestMergeSort" classname="CS648A.assignment1.AppTest" time="0"/>
  <testcase name="TestMergeSort" classname="CS648A.assignment1.AppTest" time="0"/>
  <testcase name="TestMergeSort" classname="CS648A.assignment1.AppTest" time="0"/>
  <testcase name="TestMergeSort" classname="CS648A.assignment1.AppTest" time="0.001"/>
  <testcase name="TestMergeSort" classname="CS648A.assignment1.AppTest" time="0"/>
  <testcase name="TestMergeSort" classname="CS648A.assignment1.AppTest" time="0"/>
  <testcase name="TestMergeSort" classname="CS648A.assignment1.AppTest" time="0.001"/>
  <testcase name="TestMergeSort" classname="CS648A.assignment1.AppTest" time="0"/>
  <testcase name="TestMergeSort" classname="CS648A.assignment1.AppTest" time="0"/>
  <testcase name="TestMergeSort" classname="CS648A.assignment1.AppTest" time="0.001"/>
  <testcase name="TestMergeSort" classname="CS648A.assignment1.AppTest" time="0.001"/>
  <testcase name="TestMergeSort" classname="CS648A.assignment1.AppTest" time="0"/>
  <testcase name="TestMergeSort" classname="CS648A.assignment1.AppTest" time="0"/>
  <testcase name="TestMergeSort" classname="CS648A.assignment1.AppTest" time="0.001"/>
  <testcase name="TestMergeSort" classname="CS648A.assignment1.AppTest" time="0"/>
  <testcase name="TestMergeSort" classname="CS648A.assignment1.AppTest" time="0"/>
  <testcase name="TestMergeSort" classname="CS648A.assignment1.AppTest" time="0"/>
  <testcase name="TestMergeSort" classname="CS648A.assignment1.AppTest" time="0.001"/>
  <testcase name="TestMergeSort" classname="CS648A.assignment1.AppTest" time="0"/>
  <testcase name="TestMergeSort" classname="CS648A.assignment1.AppTest" time="0"/>
  <testcase name="TestMergeSort" classname="CS648A.assignment1.AppTest" time="0.001"/>
  <testcase name="TestMergeSort" classname="CS648A.assignment1.AppTest" time="0"/>
  <testcase name="TestMergeSort" classname="CS648A.assignment1.AppTest" time="0"/>
  <testcase name="TestMergeSort" classname="CS648A.assignment1.AppTest" time="0.001"/>
  <testcase name="TestMergeSort" classname="CS648A.assignment1.AppTest" time="0"/>
  <testcase name="TestMergeSort" classname="CS648A.assignment1.AppTest" time="0"/>
  <testcase name="TestMergeSort" classname="CS648A.assignment1.AppTest" time="0.001"/>
  <testcase name="TestMergeSort" classname="CS648A.assignment1.AppTest" time="0"/>
  <testcase name="TestMergeSort" classname="CS648A.assignment1.AppTest" time="0"/>
  <testcase name="TestMergeSort" classname="CS648A.assignment1.AppTest" time="0.001"/>
  <testcase name="TestMergeSort" classname="CS648A.assignment1.AppTest" time="0"/>
  <testcase name="TestMergeSort" classname="CS648A.assignment1.AppTest" time="0"/>
  <testcase name="TestMergeSort" classname="CS648A.assignment1.AppTest" time="0.001"/>
  <testcase name="TestMergeSort" classname="CS648A.assignment1.AppTest" time="0"/>
  <testcase name="TestMergeSort" classname="CS648A.assignment1.AppTest" time="0"/>
  <testcase name="TestMergeSort" classname="CS648A.assignment1.AppTest" time="0.001"/>
  <testcase name="TestMergeSort" classname="CS648A.assignment1.AppTest" time="0"/>
  <testcase name="TestMergeSort" classname="CS648A.assignment1.AppTest" time="0.012"/>
  <testcase name="TestMergeSort" classname="CS648A.assignment1.AppTest" time="0.001"/>
  <testcase name="TestMergeSort" classname="CS648A.assignment1.AppTest" time="0"/>
  <testcase name="TestMergeSort" classname="CS648A.assignment1.AppTest" time="0"/>
  <testcase name="TestMergeSort" classname="CS648A.assignment1.AppTest" time="0"/>
  <testcase name="TestMergeSort" classname="CS648A.assignment1.AppTest" time="0.001"/>
  <testcase name="TestMergeSort" classname="CS648A.assignment1.AppTest" time="0"/>
  <testcase name="TestMergeSort" classname="CS648A.assignment1.AppTest" time="0"/>
  <testcase name="TestMergeSort" classname="CS648A.assignment1.AppTest" time="0"/>
  <testcase name="TestMergeSort" classname="CS648A.assignment1.AppTest" time="0.001"/>
  <testcase name="TestMergeSort" classname="CS648A.assignment1.AppTest" time="0"/>
  <testcase name="TestMergeSort" classname="CS648A.assignment1.AppTest" time="0"/>
  <testcase name="TestMergeSort" classname="CS648A.assignment1.AppTest" time="0.001"/>
  <testcase name="TestMergeSort" classname="CS648A.assignment1.AppTest" time="0"/>
  <testcase name="TestMergeSort" classname="CS648A.assignment1.AppTest" time="0"/>
  <testcase name="TestMergeSort" classname="CS648A.assignment1.AppTest" time="0.001"/>
  <testcase name="TestMergeSort" classname="CS648A.assignment1.AppTest" time="0.001"/>
  <testcase name="TestMergeSort" classname="CS648A.assignment1.AppTest" time="0"/>
  <testcase name="TestMergeSort" classname="CS648A.assignment1.AppTest" time="0"/>
  <testcase name="TestMergeSort" classname="CS648A.assignment1.AppTest" time="0.001"/>
  <testcase name="TestMergeSort" classname="CS648A.assignment1.AppTest" time="0"/>
  <testcase name="TestMergeSort" classname="CS648A.assignment1.AppTest" time="0"/>
  <testcase name="TestMergeSort" classname="CS648A.assignment1.AppTest" time="0.001"/>
  <testcase name="TestMergeSort" classname="CS648A.assignment1.AppTest" time="0"/>
  <testcase name="TestMergeSort" classname="CS648A.assignment1.AppTest" time="0"/>
  <testcase name="TestMergeSort" classname="CS648A.assignment1.AppTest" time="0.001"/>
  <testcase name="TestMergeSort" classname="CS648A.assignment1.AppTest" time="0"/>
  <testcase name="TestMergeSort" classname="CS648A.assignment1.AppTest" time="0"/>
  <testcase name="TestMergeSort" classname="CS648A.assignment1.AppTest" time="0.001"/>
  <testcase name="TestMergeSort" classname="CS648A.assignment1.AppTest" time="0"/>
  <testcase name="TestMergeSort" classname="CS648A.assignment1.AppTest" time="0"/>
  <testcase name="TestMergeSort" classname="CS648A.assignment1.AppTest" time="0.001"/>
  <testcase name="TestMergeSort" classname="CS648A.assignment1.AppTest" time="0"/>
  <testcase name="TestMergeSort" classname="CS648A.assignment1.AppTest" time="0"/>
  <testcase name="TestMergeSort" classname="CS648A.assignment1.AppTest" time="0"/>
  <testcase name="TestPlainQuickSort" classname="CS648A.assignment1.AppTest" time="0.014"/>
  <testcase name="TestPlainQuickSort" classname="CS648A.assignment1.AppTest" time="0"/>
  <testcase name="TestPlainQuickSort" classname="CS648A.assignment1.AppTest" time="0.001"/>
  <testcase name="TestPlainQuickSort" classname="CS648A.assignment1.AppTest" time="0.001"/>
  <testcase name="TestPlainQuickSort" classname="CS648A.assignment1.AppTest" time="0.001"/>
  <testcase name="TestPlainQuickSort" classname="CS648A.assignment1.AppTest" time="0.001"/>
  <testcase name="TestPlainQuickSort" classname="CS648A.assignment1.AppTest" time="0.001"/>
  <testcase name="TestPlainQuickSort" classname="CS648A.assignment1.AppTest" time="0"/>
  <testcase name="TestPlainQuickSort" classname="CS648A.assignment1.AppTest" time="0"/>
  <testcase name="TestPlainQuickSort" classname="CS648A.assignment1.AppTest" time="0.001"/>
  <testcase name="TestPlainQuickSort" classname="CS648A.assignment1.AppTest" time="0.001"/>
  <testcase name="TestPlainQuickSort" classname="CS648A.assignment1.AppTest" time="0"/>
  <testcase name="TestPlainQuickSort" classname="CS648A.assignment1.AppTest" time="0"/>
  <testcase name="TestPlainQuickSort" classname="CS648A.assignment1.AppTest" time="0"/>
  <testcase name="TestPlainQuickSort" classname="CS648A.assignment1.AppTest" time="0.001"/>
  <testcase name="TestPlainQuickSort" classname="CS648A.assignment1.AppTest" time="0.002"/>
  <testcase name="TestPlainQuickSort" classname="CS648A.assignment1.AppTest" time="0.001"/>
  <testcase name="TestPlainQuickSort" classname="CS648A.assignment1.AppTest" time="0"/>
  <testcase name="TestPlainQuickSort" classname="CS648A.assignment1.AppTest" time="0"/>
  <testcase name="TestPlainQuickSort" classname="CS648A.assignment1.AppTest" time="0"/>
  <testcase name="TestPlainQuickSort" classname="CS648A.assignment1.AppTest" time="0"/>
  <testcase name="TestPlainQuickSort" classname="CS648A.assignment1.AppTest" time="0.001"/>
  <testcase name="TestPlainQuickSort" classname="CS648A.assignment1.AppTest" time="0.001"/>
  <testcase name="TestPlainQuickSort" classname="CS648A.assignment1.AppTest" time="0.001"/>
  <testcase name="TestPlainQuickSort" classname="CS648A.assignment1.AppTest" time="0.001"/>
  <testcase name="TestPlainQuickSort" classname="CS648A.assignment1.AppTest" time="0.001"/>
  <testcase name="TestPlainQuickSort" classname="CS648A.assignment1.AppTest" time="0.001"/>
  <testcase name="TestPlainQuickSort" classname="CS648A.assignment1.AppTest" time="0"/>
  <testcase name="TestPlainQuickSort" classname="CS648A.assignment1.AppTest" time="0"/>
  <testcase name="TestPlainQuickSort" classname="CS648A.assignment1.AppTest" time="0.001"/>
  <testcase name="TestPlainQuickSort" classname="CS648A.assignment1.AppTest" time="0.001"/>
  <testcase name="TestPlainQuickSort" classname="CS648A.assignment1.AppTest" time="0.001"/>
  <testcase name="TestPlainQuickSort" classname="CS648A.assignment1.AppTest" time="0.001"/>
  <testcase name="TestPlainQuickSort" classname="CS648A.assignment1.AppTest" time="0.001"/>
  <testcase name="TestPlainQuickSort" classname="CS648A.assignment1.AppTest" time="0.001"/>
  <testcase name="TestPlainQuickSort" classname="CS648A.assignment1.AppTest" time="0.001"/>
  <testcase name="TestPlainQuickSort" classname="CS648A.assignment1.AppTest" time="0.001"/>
  <testcase name="TestPlainQuickSort" classname="CS648A.assignment1.AppTest" time="0.001"/>
  <testcase name="TestPlainQuickSort" classname="CS648A.assignment1.AppTest" time="0.001"/>
  <testcase name="TestPlainQuickSort" classname="CS648A.assignment1.AppTest" time="0.001"/>
  <testcase name="TestPlainQuickSort" classname="CS648A.assignment1.AppTest" time="0.001"/>
  <testcase name="TestPlainQuickSort" classname="CS648A.assignment1.AppTest" time="0"/>
  <testcase name="TestPlainQuickSort" classname="CS648A.assignment1.AppTest" time="0"/>
  <testcase name="TestPlainQuickSort" classname="CS648A.assignment1.AppTest" time="0.001"/>
  <testcase name="TestPlainQuickSort" classname="CS648A.assignment1.AppTest" time="0"/>
  <testcase name="TestPlainQuickSort" classname="CS648A.assignment1.AppTest" time="0"/>
  <testcase name="TestPlainQuickSort" classname="CS648A.assignment1.AppTest" time="0"/>
  <testcase name="TestPlainQuickSort" classname="CS648A.assignment1.AppTest" time="0"/>
  <testcase name="TestPlainQuickSort" classname="CS648A.assignment1.AppTest" time="0"/>
  <testcase name="TestPlainQuickSort" classname="CS648A.assignment1.AppTest" time="0"/>
  <testcase name="TestPlainQuickSort" classname="CS648A.assignment1.AppTest" time="0.001"/>
  <testcase name="TestPlainQuickSort" classname="CS648A.assignment1.AppTest" time="0"/>
  <testcase name="TestPlainQuickSort" classname="CS648A.assignment1.AppTest" time="0"/>
  <testcase name="TestPlainQuickSort" classname="CS648A.assignment1.AppTest" time="0.001"/>
  <testcase name="TestPlainQuickSort" classname="CS648A.assignment1.AppTest" time="0"/>
  <testcase name="TestPlainQuickSort" classname="CS648A.assignment1.AppTest" time="0"/>
  <testcase name="TestPlainQuickSort" classname="CS648A.assignment1.AppTest" time="0.001"/>
  <testcase name="TestPlainQuickSort" classname="CS648A.assignment1.AppTest" time="0"/>
  <testcase name="TestPlainQuickSort" classname="CS648A.assignment1.AppTest" time="0"/>
  <testcase name="TestPlainQuickSort" classname="CS648A.assignment1.AppTest" time="0.001"/>
  <testcase name="TestPlainQuickSort" classname="CS648A.assignment1.AppTest" time="0"/>
  <testcase name="TestPlainQuickSort" classname="CS648A.assignment1.AppTest" time="0"/>
  <testcase name="TestPlainQuickSort" classname="CS648A.assignment1.AppTest" time="0.001"/>
  <testcase name="TestPlainQuickSort" classname="CS648A.assignment1.AppTest" time="0"/>
  <testcase name="TestPlainQuickSort" classname="CS648A.assignment1.AppTest" time="0"/>
  <testcase name="TestPlainQuickSort" classname="CS648A.assignment1.AppTest" time="0.001"/>
  <testcase name="TestPlainQuickSort" classname="CS648A.assignment1.AppTest" time="0"/>
  <testcase name="TestPlainQuickSort" classname="CS648A.assignment1.AppTest" time="0"/>
  <testcase name="TestPlainQuickSort" classname="CS648A.assignment1.AppTest" time="0"/>
  <testcase name="TestPlainQuickSort" classname="CS648A.assignment1.AppTest" time="0.001"/>
  <testcase name="TestPlainQuickSort" classname="CS648A.assignment1.AppTest" time="0"/>
  <testcase name="TestPlainQuickSort" classname="CS648A.assignment1.AppTest" time="0"/>
  <testcase name="TestPlainQuickSort" classname="CS648A.assignment1.AppTest" time="0.001"/>
  <testcase name="TestPlainQuickSort" classname="CS648A.assignment1.AppTest" time="0"/>
  <testcase name="TestPlainQuickSort" classname="CS648A.assignment1.AppTest" time="0"/>
  <testcase name="TestPlainQuickSort" classname="CS648A.assignment1.AppTest" time="0.001"/>
  <testcase name="TestPlainQuickSort" classname="CS648A.assignment1.AppTest" time="0"/>
  <testcase name="TestPlainQuickSort" classname="CS648A.assignment1.AppTest" time="0"/>
  <testcase name="TestPlainQuickSort" classname="CS648A.assignment1.AppTest" time="0.001"/>
  <testcase name="TestPlainQuickSort" classname="CS648A.assignment1.AppTest" time="0.001"/>
  <testcase name="TestPlainQuickSort" classname="CS648A.assignment1.AppTest" time="0.001"/>
  <testcase name="TestPlainQuickSort" classname="CS648A.assignment1.AppTest" time="0.001"/>
  <testcase name="TestPlainQuickSort" classname="CS648A.assignment1.AppTest" time="0.001"/>
  <testcase name="TestPlainQuickSort" classname="CS648A.assignment1.AppTest" time="0"/>
  <testcase name="TestPlainQuickSort" classname="CS648A.assignment1.AppTest" time="0"/>
  <testcase name="TestPlainQuickSort" classname="CS648A.assignment1.AppTest" time="0"/>
  <testcase name="TestPlainQuickSort" classname="CS648A.assignment1.AppTest" time="0"/>
  <testcase name="TestPlainQuickSort" classname="CS648A.assignment1.AppTest" time="0.001"/>
  <testcase name="TestPlainQuickSort" classname="CS648A.assignment1.AppTest" time="0.001"/>
  <testcase name="TestPlainQuickSort" classname="CS648A.assignment1.AppTest" time="0.001"/>
  <testcase name="TestPlainQuickSort" classname="CS648A.assignment1.AppTest" time="0.001"/>
  <testcase name="TestPlainQuickSort" classname="CS648A.assignment1.AppTest" time="0.001"/>
  <testcase name="TestPlainQuickSort" classname="CS648A.assignment1.AppTest" time="0.001"/>
  <testcase name="TestPlainQuickSort" classname="CS648A.assignment1.AppTest" time="0"/>
  <testcase name="TestPlainQuickSort" classname="CS648A.assignment1.AppTest" time="0"/>
  <testcase name="TestPlainQuickSort" classname="CS648A.assignment1.AppTest" time="0"/>
  <testcase name="TestPlainQuickSort" classname="CS648A.assignment1.AppTest" time="0"/>
  <testcase name="TestPlainQuickSort" classname="CS648A.assignment1.AppTest" time="0.001"/>
  <testcase name="TestPlainQuickSort" classname="CS648A.assignment1.AppTest" time="0.001"/>
  <testcase name="TestPlainQuickSort" classname="CS648A.assignment1.AppTest" time="0"/>
  <testcase name="TestPlainQuickSort" classname="CS648A.assignment1.AppTest" time="0"/>
  <testcase name="TestPlainQuickSort" classname="CS648A.assignment1.AppTest" time="0"/>
  <testcase name="TestPlainQuickSort" classname="CS648A.assignment1.AppTest" time="0.001"/>
  <testcase name="TestPlainQuickSort" classname="CS648A.assignment1.AppTest" time="0.001"/>
  <testcase name="TestPlainQuickSort" classname="CS648A.assignment1.AppTest" time="0.001"/>
  <testcase name="TestPlainQuickSort" classname="CS648A.assignment1.AppTest" time="0"/>
  <testcase name="TestPlainQuickSort" classname="CS648A.assignment1.AppTest" time="0"/>
  <testcase name="TestPlainQuickSort" classname="CS648A.assignment1.AppTest" time="0.001"/>
  <testcase name="TestPlainQuickSort" classname="CS648A.assignment1.AppTest" time="0.001"/>
  <testcase name="TestPlainQuickSort" classname="CS648A.assignment1.AppTest" time="0.001"/>
  <testcase name="TestPlainQuickSort" classname="CS648A.assignment1.AppTest" time="0"/>
  <testcase name="TestPlainQuickSort" classname="CS648A.assignment1.AppTest" time="0"/>
  <testcase name="TestPlainQuickSort" classname="CS648A.assignment1.AppTest" time="0"/>
  <testcase name="TestPlainQuickSort" classname="CS648A.assignment1.AppTest" time="0"/>
  <testcase name="TestPlainQuickSort" classname="CS648A.assignment1.AppTest" time="0.001"/>
  <testcase name="TestPlainQuickSort" classname="CS648A.assignment1.AppTest" time="0.001"/>
  <testcase name="TestPlainQuickSort" classname="CS648A.assignment1.AppTest" time="0.001"/>
  <testcase name="TestPlainQuickSort" classname="CS648A.assignment1.AppTest" time="0"/>
  <testcase name="TestPlainQuickSort" classname="CS648A.assignment1.AppTest" time="0"/>
  <testcase name="TestPlainQuickSort" classname="CS648A.assignment1.AppTest" time="0"/>
  <testcase name="TestPlainQuickSort" classname="CS648A.assignment1.AppTest" time="0.001"/>
  <testcase name="TestPlainQuickSort" classname="CS648A.assignment1.AppTest" time="0.001"/>
  <testcase name="TestPlainQuickSort" classname="CS648A.assignment1.AppTest" time="0"/>
  <testcase name="TestPlainQuickSort" classname="CS648A.assignment1.AppTest" time="0"/>
  <testcase name="TestPlainQuickSort" classname="CS648A.assignment1.AppTest" time="0"/>
  <testcase name="TestPlainQuickSort" classname="CS648A.assignment1.AppTest" time="0.001"/>
  <testcase name="TestPlainQuickSort" classname="CS648A.assignment1.AppTest" time="0.001"/>
  <testcase name="TestPlainQuickSort" classname="CS648A.assignment1.AppTest" time="0.001"/>
  <testcase name="TestPlainQuickSort" classname="CS648A.assignment1.AppTest" time="0.001"/>
  <testcase name="TestPlainQuickSort" classname="CS648A.assignment1.AppTest" time="0.001"/>
  <testcase name="TestPlainQuickSort" classname="CS648A.assignment1.AppTest" time="0.001"/>
  <testcase name="TestPlainQuickSort" classname="CS648A.assignment1.AppTest" time="0.001"/>
  <testcase name="TestPlainQuickSort" classname="CS648A.assignment1.AppTest" time="0"/>
  <testcase name="TestPlainQuickSort" classname="CS648A.assignment1.AppTest" time="0"/>
  <testcase name="TestPlainQuickSort" classname="CS648A.assignment1.AppTest" time="0"/>
  <testcase name="TestPlainQuickSort" classname="CS648A.assignment1.AppTest" time="0"/>
  <testcase name="TestPlainQuickSort" classname="CS648A.assignment1.AppTest" time="0"/>
  <testcase name="TestPlainQuickSort" classname="CS648A.assignment1.AppTest" time="0.001"/>
  <testcase name="TestPlainQuickSort" classname="CS648A.assignment1.AppTest" time="0.001"/>
  <testcase name="TestPlainQuickSort" classname="CS648A.assignment1.AppTest" time="0.001"/>
  <testcase name="TestPlainQuickSort" classname="CS648A.assignment1.AppTest" time="0.001"/>
  <testcase name="TestPlainQuickSort" classname="CS648A.assignment1.AppTest" time="0.001"/>
  <testcase name="TestPlainQuickSort" classname="CS648A.assignment1.AppTest" time="0"/>
  <testcase name="TestPlainQuickSort" classname="CS648A.assignment1.AppTest" time="0"/>
  <testcase name="TestPlainQuickSort" classname="CS648A.assignment1.AppTest" time="0"/>
  <testcase name="TestPlainQuickSort" classname="CS648A.assignment1.AppTest" time="0"/>
  <testcase name="TestPlainQuickSort" classname="CS648A.assignment1.AppTest" time="0"/>
  <testcase name="TestPlainQuickSort" classname="CS648A.assignment1.AppTest" time="0"/>
  <testcase name="TestPlainQuickSort" classname="CS648A.assignment1.AppTest" time="0"/>
  <testcase name="TestPlainQuickSort" classname="CS648A.assignment1.AppTest" time="0"/>
  <testcase name="TestPlainQuickSort" classname="CS648A.assignment1.AppTest" time="0.001"/>
  <testcase name="TestPlainQuickSort" classname="CS648A.assignment1.AppTest" time="0.001"/>
  <testcase name="TestPlainQuickSort" classname="CS648A.assignment1.AppTest" time="0.001"/>
  <testcase name="TestPlainQuickSort" classname="CS648A.assignment1.AppTest" time="0.001"/>
  <testcase name="TestPlainQuickSort" classname="CS648A.assignment1.AppTest" time="0"/>
  <testcase name="TestPlainQuickSort" classname="CS648A.assignment1.AppTest" time="0.001"/>
  <testcase name="TestPlainQuickSort" classname="CS648A.assignment1.AppTest" time="0"/>
  <testcase name="TestPlainQuickSort" classname="CS648A.assignment1.AppTest" time="0"/>
  <testcase name="TestPlainQuickSort" classname="CS648A.assignment1.AppTest" time="0"/>
  <testcase name="TestPlainQuickSort" classname="CS648A.assignment1.AppTest" time="0"/>
  <testcase name="TestPlainQuickSort" classname="CS648A.assignment1.AppTest" time="0.001"/>
  <testcase name="TestPlainQuickSort" classname="CS648A.assignment1.AppTest" time="0.001"/>
  <testcase name="TestPlainQuickSort" classname="CS648A.assignment1.AppTest" time="0.001"/>
  <testcase name="TestPlainQuickSort" classname="CS648A.assignment1.AppTest" time="0"/>
  <testcase name="TestPlainQuickSort" classname="CS648A.assignment1.AppTest" time="0"/>
  <testcase name="TestPlainQuickSort" classname="CS648A.assignment1.AppTest" time="0"/>
  <testcase name="TestPlainQuickSort" classname="CS648A.assignment1.AppTest" time="0"/>
  <testcase name="TestPlainQuickSort" classname="CS648A.assignment1.AppTest" time="0.001"/>
  <testcase name="TestPlainQuickSort" classname="CS648A.assignment1.AppTest" time="0.001"/>
  <testcase name="TestPlainQuickSort" classname="CS648A.assignment1.AppTest" time="0.001"/>
  <testcase name="TestPlainQuickSort" classname="CS648A.assignment1.AppTest" time="0.001"/>
  <testcase name="TestPlainQuickSort" classname="CS648A.assignment1.AppTest" time="0"/>
  <testcase name="TestPlainQuickSort" classname="CS648A.assignment1.AppTest" time="0"/>
  <testcase name="TestPlainQuickSort" classname="CS648A.assignment1.AppTest" time="0"/>
  <testcase name="TestPlainQuickSort" classname="CS648A.assignment1.AppTest" time="0"/>
  <testcase name="TestPlainQuickSort" classname="CS648A.assignment1.AppTest" time="0.001"/>
  <testcase name="TestPlainQuickSort" classname="CS648A.assignment1.AppTest" time="0.001"/>
  <testcase name="TestPlainQuickSort" classname="CS648A.assignment1.AppTest" time="0.001"/>
  <testcase name="TestPlainQuickSort" classname="CS648A.assignment1.AppTest" time="0.001"/>
  <testcase name="TestPlainQuickSort" classname="CS648A.assignment1.AppTest" time="0"/>
  <testcase name="TestPlainQuickSort" classname="CS648A.assignment1.AppTest" time="0"/>
  <testcase name="TestPlainQuickSort" classname="CS648A.assignment1.AppTest" time="0.001"/>
  <testcase name="TestPlainQuickSort" classname="CS648A.assignment1.AppTest" time="0"/>
  <testcase name="TestPlainQuickSort" classname="CS648A.assignment1.AppTest" time="0"/>
  <testcase name="TestPlainQuickSort" classname="CS648A.assignment1.AppTest" time="0.001"/>
  <testcase name="TestPlainQuickSort" classname="CS648A.assignment1.AppTest" time="0.001"/>
  <testcase name="TestPlainQuickSort" classname="CS648A.assignment1.AppTest" time="0"/>
  <testcase name="TestPlainQuickSort" classname="CS648A.assignment1.AppTest" time="0"/>
  <testcase name="TestPlainQuickSort" classname="CS648A.assignment1.AppTest" time="0.001"/>
  <testcase name="TestPlainQuickSort" classname="CS648A.assignment1.AppTest" time="0.001"/>
  <testcase name="TestPlainQuickSort" classname="CS648A.assignment1.AppTest" time="0.001"/>
  <testcase name="TestPlainQuickSort" classname="CS648A.assignment1.AppTest" time="0"/>
  <testcase name="TestPlainQuickSort" classname="CS648A.assignment1.AppTest" time="0"/>
  <testcase name="TestPlainQuickSort" classname="CS648A.assignment1.AppTest" time="0"/>
  <testcase name="TestPlainQuickSort" classname="CS648A.assignment1.AppTest" time="0"/>
  <testcase name="TestPlainQuickSort" classname="CS648A.assignment1.AppTest" time="0.001"/>
  <testcase name="TestPlainQuickSort" classname="CS648A.assignment1.AppTest" time="0.001"/>
  <testcase name="TestPlainQuickSort" classname="CS648A.assignment1.AppTest" time="0.001"/>
  <testcase name="TestPlainQuickSort" classname="CS648A.assignment1.AppTest" time="0.001"/>
  <testcase name="TestPlainQuickSort" classname="CS648A.assignment1.AppTest" time="0"/>
  <testcase name="TestPlainQuickSort" classname="CS648A.assignment1.AppTest" time="0.001"/>
  <testcase name="TestPlainQuickSort" classname="CS648A.assignment1.AppTest" time="0"/>
  <testcase name="TestPlainQuickSort" classname="CS648A.assignment1.AppTest" time="0"/>
  <testcase name="TestPlainQuickSort" classname="CS648A.assignment1.AppTest" time="0"/>
  <testcase name="TestPlainQuickSort" classname="CS648A.assignment1.AppTest" time="0.001"/>
  <testcase name="TestPlainQuickSort" classname="CS648A.assignment1.AppTest" time="0.001"/>
  <testcase name="TestPlainQuickSort" classname="CS648A.assignment1.AppTest" time="0.001"/>
  <testcase name="TestPlainQuickSort" classname="CS648A.assignment1.AppTest" time="0.001"/>
  <testcase name="TestPlainQuickSort" classname="CS648A.assignment1.AppTest" time="0"/>
  <testcase name="TestPlainQuickSort" classname="CS648A.assignment1.AppTest" time="0"/>
  <testcase name="TestPlainQuickSort" classname="CS648A.assignment1.AppTest" time="0"/>
  <testcase name="TestPlainQuickSort" classname="CS648A.assignment1.AppTest" time="0.001"/>
  <testcase name="TestPlainQuickSort" classname="CS648A.assignment1.AppTest" time="0.001"/>
  <testcase name="TestPlainQuickSort" classname="CS648A.assignment1.AppTest" time="0.001"/>
  <testcase name="TestPlainQuickSort" classname="CS648A.assignment1.AppTest" time="0"/>
  <testcase name="TestPlainQuickSort" classname="CS648A.assignment1.AppTest" time="0"/>
  <testcase name="TestPlainQuickSort" classname="CS648A.assignment1.AppTest" time="0.001"/>
  <testcase name="TestPlainQuickSort" classname="CS648A.assignment1.AppTest" time="0.001"/>
  <testcase name="TestPlainQuickSort" classname="CS648A.assignment1.AppTest" time="0.001"/>
  <testcase name="TestPlainQuickSort" classname="CS648A.assignment1.AppTest" time="0.001"/>
  <testcase name="TestPlainQuickSort" classname="CS648A.assignment1.AppTest" time="0"/>
  <testcase name="TestPlainQuickSort" classname="CS648A.assignment1.AppTest" time="0"/>
  <testcase name="TestPlainQuickSort" classname="CS648A.assignment1.AppTest" time="0"/>
  <testcase name="TestPlainQuickSort" classname="CS648A.assignment1.AppTest" time="0.001"/>
  <testcase name="TestPlainQuickSort" classname="CS648A.assignment1.AppTest" time="0.001"/>
  <testcase name="TestPlainQuickSort" classname="CS648A.assignment1.AppTest" time="0.001"/>
  <testcase name="TestPlainQuickSort" classname="CS648A.assignment1.AppTest" time="0.001"/>
  <testcase name="TestPlainQuickSort" classname="CS648A.assignment1.AppTest" time="0.001"/>
  <testcase name="TestPlainQuickSort" classname="CS648A.assignment1.AppTest" time="0.001"/>
  <testcase name="TestPlainQuickSort" classname="CS648A.assignment1.AppTest" time="0.001"/>
  <testcase name="TestPlainQuickSort" classname="CS648A.assignment1.AppTest" time="0"/>
  <testcase name="TestPlainQuickSort" classname="CS648A.assignment1.AppTest" time="0"/>
  <testcase name="TestPlainQuickSort" classname="CS648A.assignment1.AppTest" time="0.001"/>
  <testcase name="TestPlainQuickSort" classname="CS648A.assignment1.AppTest" time="0.001"/>
  <testcase name="TestPlainQuickSort" classname="CS648A.assignment1.AppTest" time="0.001"/>
  <testcase name="TestPlainQuickSort" classname="CS648A.assignment1.AppTest" time="0.001"/>
  <testcase name="TestPlainQuickSort" classname="CS648A.assignment1.AppTest" time="0"/>
  <testcase name="TestPlainQuickSort" classname="CS648A.assignment1.AppTest" time="0"/>
  <testcase name="TestPlainQuickSort" classname="CS648A.assignment1.AppTest" time="0.001"/>
  <testcase name="TestPlainQuickSort" classname="CS648A.assignment1.AppTest" time="0"/>
  <testcase name="TestPlainQuickSort" classname="CS648A.assignment1.AppTest" time="0"/>
  <testcase name="TestPlainQuickSort" classname="CS648A.assignment1.AppTest" time="0.001"/>
  <testcase name="TestPlainQuickSort" classname="CS648A.assignment1.AppTest" time="0.001"/>
  <testcase name="TestPlainQuickSort" classname="CS648A.assignment1.AppTest" time="0"/>
  <testcase name="TestPlainQuickSort" classname="CS648A.assignment1.AppTest" time="0"/>
  <testcase name="TestPlainQuickSort" classname="CS648A.assignment1.AppTest" time="0.001"/>
  <testcase name="TestPlainQuickSort" classname="CS648A.assignment1.AppTest" time="0.001"/>
  <testcase name="TestPlainQuickSort" classname="CS648A.assignment1.AppTest" time="0"/>
  <testcase name="TestPlainQuickSort" classname="CS648A.assignment1.AppTest" time="0"/>
  <testcase name="TestPlainQuickSort" classname="CS648A.assignment1.AppTest" time="0.001"/>
  <testcase name="TestPlainQuickSort" classname="CS648A.assignment1.AppTest" time="0.001"/>
  <testcase name="TestPlainQuickSort" classname="CS648A.assignment1.AppTest" time="0.001"/>
  <testcase name="TestPlainQuickSort" classname="CS648A.assignment1.AppTest" time="0"/>
  <testcase name="TestPlainQuickSort" classname="CS648A.assignment1.AppTest" time="0"/>
  <testcase name="TestPlainQuickSort" classname="CS648A.assignment1.AppTest" time="0.001"/>
  <testcase name="TestPlainQuickSort" classname="CS648A.assignment1.AppTest" time="0.001"/>
  <testcase name="TestPlainQuickSort" classname="CS648A.assignment1.AppTest" time="0.001"/>
  <testcase name="TestPlainQuickSort" classname="CS648A.assignment1.AppTest" time="0.001"/>
  <testcase name="TestPlainQuickSort" classname="CS648A.assignment1.AppTest" time="0.001"/>
  <testcase name="TestPlainQuickSort" classname="CS648A.assignment1.AppTest" time="0"/>
  <testcase name="TestPlainQuickSort" classname="CS648A.assignment1.AppTest" time="0"/>
  <testcase name="TestPlainQuickSort" classname="CS648A.assignment1.AppTest" time="0.001"/>
  <testcase name="TestPlainQuickSort" classname="CS648A.assignment1.AppTest" time="0.001"/>
  <testcase name="TestPlainQuickSort" classname="CS648A.assignment1.AppTest" time="0.001"/>
  <testcase name="TestPlainQuickSort" classname="CS648A.assignment1.AppTest" time="0"/>
  <testcase name="TestPlainQuickSort" classname="CS648A.assignment1.AppTest" time="0"/>
  <testcase name="TestPlainQuickSort" classname="CS648A.assignment1.AppTest" time="0"/>
  <testcase name="TestPlainQuickSort" classname="CS648A.assignment1.AppTest" time="0.001"/>
  <testcase name="TestPlainQuickSort" classname="CS648A.assignment1.AppTest" time="0.001"/>
  <testcase name="TestPlainQuickSort" classname="CS648A.assignment1.AppTest" time="0.001"/>
  <testcase name="TestPlainQuickSort" classname="CS648A.assignment1.AppTest" time="0.001"/>
  <testcase name="TestPlainQuickSort" classname="CS648A.assignment1.AppTest" time="0.001"/>
  <testcase name="TestPlainQuickSort" classname="CS648A.assignment1.AppTest" time="0.001"/>
  <testcase name="TestPlainQuickSort" classname="CS648A.assignment1.AppTest" time="0"/>
  <testcase name="TestPlainQuickSort" classname="CS648A.assignment1.AppTest" time="0"/>
  <testcase name="TestPlainQuickSort" classname="CS648A.assignment1.AppTest" time="0"/>
  <testcase name="TestPlainQuickSort" classname="CS648A.assignment1.AppTest" time="0.001"/>
  <testcase name="TestPlainQuickSort" classname="CS648A.assignment1.AppTest" time="0.001"/>
  <testcase name="TestPlainQuickSort" classname="CS648A.assignment1.AppTest" time="0"/>
  <testcase name="TestPlainQuickSort" classname="CS648A.assignment1.AppTest" time="0"/>
  <testcase name="TestPlainQuickSort" classname="CS648A.assignment1.AppTest" time="0"/>
  <testcase name="TestPlainQuickSort" classname="CS648A.assignment1.AppTest" time="0"/>
  <testcase name="TestPlainQuickSort" classname="CS648A.assignment1.AppTest" time="0.001"/>
  <testcase name="TestPlainQuickSort" classname="CS648A.assignment1.AppTest" time="0.001"/>
  <testcase name="TestPlainQuickSort" classname="CS648A.assignment1.AppTest" time="0.001"/>
  <testcase name="TestPlainQuickSort" classname="CS648A.assignment1.AppTest" time="0.001"/>
  <testcase name="TestPlainQuickSort" classname="CS648A.assignment1.AppTest" time="0"/>
  <testcase name="TestPlainQuickSort" classname="CS648A.assignment1.AppTest" time="0"/>
  <testcase name="TestPlainQuickSort" classname="CS648A.assignment1.AppTest" time="0"/>
  <testcase name="TestPlainQuickSort" classname="CS648A.assignment1.AppTest" time="0"/>
  <testcase name="TestPlainQuickSort" classname="CS648A.assignment1.AppTest" time="0.001"/>
  <testcase name="TestPlainQuickSort" classname="CS648A.assignment1.AppTest" time="0.001"/>
  <testcase name="TestPlainQuickSort" classname="CS648A.assignment1.AppTest" time="0.001"/>
  <testcase name="TestPlainQuickSort" classname="CS648A.assignment1.AppTest" time="0"/>
  <testcase name="TestPlainQuickSort" classname="CS648A.assignment1.AppTest" time="0"/>
  <testcase name="TestPlainQuickSort" classname="CS648A.assignment1.AppTest" time="0.001"/>
  <testcase name="TestPlainQuickSort" classname="CS648A.assignment1.AppTest" time="0.001"/>
  <testcase name="TestPlainQuickSort" classname="CS648A.assignment1.AppTest" time="0.001"/>
  <testcase name="TestPlainQuickSort" classname="CS648A.assignment1.AppTest" time="0"/>
  <testcase name="TestPlainQuickSort" classname="CS648A.assignment1.AppTest" time="0"/>
  <testcase name="TestPlainQuickSort" classname="CS648A.assignment1.AppTest" time="0"/>
  <testcase name="TestPlainQuickSort" classname="CS648A.assignment1.AppTest" time="0.001"/>
  <testcase name="TestPlainQuickSort" classname="CS648A.assignment1.AppTest" time="0.001"/>
  <testcase name="TestPlainQuickSort" classname="CS648A.assignment1.AppTest" time="0"/>
  <testcase name="TestPlainQuickSort" classname="CS648A.assignment1.AppTest" time="0"/>
  <testcase name="TestPlainQuickSort" classname="CS648A.assignment1.AppTest" time="0.001"/>
  <testcase name="TestPlainQuickSort" classname="CS648A.assignment1.AppTest" time="0.001"/>
  <testcase name="TestPlainQuickSort" classname="CS648A.assignment1.AppTest" time="0.001"/>
  <testcase name="TestPlainQuickSort" classname="CS648A.assignment1.AppTest" time="0"/>
  <testcase name="TestPlainQuickSort" classname="CS648A.assignment1.AppTest" time="0"/>
  <testcase name="TestPlainQuickSort" classname="CS648A.assignment1.AppTest" time="0.001"/>
  <testcase name="TestPlainQuickSort" classname="CS648A.assignment1.AppTest" time="0.001"/>
  <testcase name="TestPlainQuickSort" classname="CS648A.assignment1.AppTest" time="0.001"/>
  <testcase name="TestPlainQuickSort" classname="CS648A.assignment1.AppTest" time="0.001"/>
  <testcase name="TestPlainQuickSort" classname="CS648A.assignment1.AppTest" time="0.001"/>
  <testcase name="TestPlainQuickSort" classname="CS648A.assignment1.AppTest" time="0"/>
  <testcase name="TestPlainQuickSort" classname="CS648A.assignment1.AppTest" time="0.001"/>
  <testcase name="TestPlainQuickSort" classname="CS648A.assignment1.AppTest" time="0"/>
  <testcase name="TestPlainQuickSort" classname="CS648A.assignment1.AppTest" time="0"/>
  <testcase name="TestPlainQuickSort" classname="CS648A.assignment1.AppTest" time="0.001"/>
  <testcase name="TestPlainQuickSort" classname="CS648A.assignment1.AppTest" time="0"/>
  <testcase name="TestPlainQuickSort" classname="CS648A.assignment1.AppTest" time="0"/>
  <testcase name="TestPlainQuickSort" classname="CS648A.assignment1.AppTest" time="0.001"/>
  <testcase name="TestPlainQuickSort" classname="CS648A.assignment1.AppTest" time="0"/>
  <testcase name="TestPlainQuickSort" classname="CS648A.assignment1.AppTest" time="0"/>
  <testcase name="TestPlainQuickSort" classname="CS648A.assignment1.AppTest" time="0.001"/>
  <testcase name="TestPlainQuickSort" classname="CS648A.assignment1.AppTest" time="0"/>
  <testcase name="TestPlainQuickSort" classname="CS648A.assignment1.AppTest" time="0.001"/>
  <testcase name="TestPlainQuickSort" classname="CS648A.assignment1.AppTest" time="0"/>
  <testcase name="TestPlainQuickSort" classname="CS648A.assignment1.AppTest" time="0"/>
  <testcase name="TestPlainQuickSort" classname="CS648A.assignment1.AppTest" time="0.001"/>
  <testcase name="TestPlainQuickSort" classname="CS648A.assignment1.AppTest" time="0.001"/>
  <testcase name="TestPlainQuickSort" classname="CS648A.assignment1.AppTest" time="0"/>
  <testcase name="TestPlainQuickSort" classname="CS648A.assignment1.AppTest" time="0.001"/>
  <testcase name="TestPlainQuickSort" classname="CS648A.assignment1.AppTest" time="0.001"/>
  <testcase name="TestPlainQuickSort" classname="CS648A.assignment1.AppTest" time="0"/>
  <testcase name="TestPlainQuickSort" classname="CS648A.assignment1.AppTest" time="0"/>
  <testcase name="TestPlainQuickSort" classname="CS648A.assignment1.AppTest" time="0.001"/>
  <testcase name="TestPlainQuickSort" classname="CS648A.assignment1.AppTest" time="0.001"/>
  <testcase name="TestPlainQuickSort" classname="CS648A.assignment1.AppTest" time="0"/>
  <testcase name="TestPlainQuickSort" classname="CS648A.assignment1.AppTest" time="0"/>
  <testcase name="TestPlainQuickSort" classname="CS648A.assignment1.AppTest" time="0.001"/>
  <testcase name="TestPlainQuickSort" classname="CS648A.assignment1.AppTest" time="0"/>
  <testcase name="TestPlainQuickSort" classname="CS648A.assignment1.AppTest" time="0"/>
  <testcase name="TestPlainQuickSort" classname="CS648A.assignment1.AppTest" time="0"/>
  <testcase name="TestPlainQuickSort" classname="CS648A.assignment1.AppTest" time="0.001"/>
  <testcase name="TestPlainQuickSort" classname="CS648A.assignment1.AppTest" time="0"/>
  <testcase name="TestPlainQuickSort" classname="CS648A.assignment1.AppTest" time="0"/>
  <testcase name="TestPlainQuickSort" classname="CS648A.assignment1.AppTest" time="0.001"/>
  <testcase name="TestPlainQuickSort" classname="CS648A.assignment1.AppTest" time="0"/>
  <testcase name="TestPlainQuickSort" classname="CS648A.assignment1.AppTest" time="0"/>
  <testcase name="TestPlainQuickSort" classname="CS648A.assignment1.AppTest" time="0.001"/>
  <testcase name="TestPlainQuickSort" classname="CS648A.assignment1.AppTest" time="0"/>
  <testcase name="TestPlainQuickSort" classname="CS648A.assignment1.AppTest" time="0"/>
  <testcase name="TestPlainQuickSort" classname="CS648A.assignment1.AppTest" time="0.001"/>
  <testcase name="TestPlainQuickSort" classname="CS648A.assignment1.AppTest" time="0"/>
  <testcase name="TestPlainQuickSort" classname="CS648A.assignment1.AppTest" time="0"/>
  <testcase name="TestPlainQuickSort" classname="CS648A.assignment1.AppTest" time="0.001"/>
  <testcase name="TestPlainQuickSort" classname="CS648A.assignment1.AppTest" time="0.001"/>
  <testcase name="TestPlainQuickSort" classname="CS648A.assignment1.AppTest" time="0"/>
  <testcase name="TestPlainQuickSort" classname="CS648A.assignment1.AppTest" time="0"/>
  <testcase name="TestPlainQuickSort" classname="CS648A.assignment1.AppTest" time="0"/>
  <testcase name="TestPlainQuickSort" classname="CS648A.assignment1.AppTest" time="0.001"/>
  <testcase name="TestPlainQuickSort" classname="CS648A.assignment1.AppTest" time="0.001"/>
  <testcase name="TestPlainQuickSort" classname="CS648A.assignment1.AppTest" time="0.001"/>
  <testcase name="TestPlainQuickSort" classname="CS648A.assignment1.AppTest" time="0"/>
  <testcase name="TestPlainQuickSort" classname="CS648A.assignment1.AppTest" time="0"/>
  <testcase name="TestPlainQuickSort" classname="CS648A.assignment1.AppTest" time="0.001"/>
  <testcase name="TestPlainQuickSort" classname="CS648A.assignment1.AppTest" time="0.001"/>
  <testcase name="TestPlainQuickSort" classname="CS648A.assignment1.AppTest" time="0"/>
  <testcase name="TestPlainQuickSort" classname="CS648A.assignment1.AppTest" time="0"/>
  <testcase name="TestPlainQuickSort" classname="CS648A.assignment1.AppTest" time="0"/>
  <testcase name="TestPlainQuickSort" classname="CS648A.assignment1.AppTest" time="0.001"/>
  <testcase name="TestPlainQuickSort" classname="CS648A.assignment1.AppTest" time="0"/>
  <testcase name="TestPlainQuickSort" classname="CS648A.assignment1.AppTest" time="0"/>
  <testcase name="TestPlainQuickSort" classname="CS648A.assignment1.AppTest" time="0"/>
  <testcase name="TestPlainQuickSort" classname="CS648A.assignment1.AppTest" time="0.001"/>
  <testcase name="TestPlainQuickSort" classname="CS648A.assignment1.AppTest" time="0.001"/>
  <testcase name="TestPlainQuickSort" classname="CS648A.assignment1.AppTest" time="0"/>
  <testcase name="TestPlainQuickSort" classname="CS648A.assignment1.AppTest" time="0"/>
  <testcase name="TestPlainQuickSort" classname="CS648A.assignment1.AppTest" time="0.001"/>
  <testcase name="TestPlainQuickSort" classname="CS648A.assignment1.AppTest" time="0.001"/>
  <testcase name="TestPlainQuickSort" classname="CS648A.assignment1.AppTest" time="0"/>
  <testcase name="TestPlainQuickSort" classname="CS648A.assignment1.AppTest" time="0"/>
  <testcase name="TestPlainQuickSort" classname="CS648A.assignment1.AppTest" time="0"/>
  <testcase name="TestPlainQuickSort" classname="CS648A.assignment1.AppTest" time="0"/>
  <testcase name="TestPlainQuickSort" classname="CS648A.assignment1.AppTest" time="0.001"/>
  <testcase name="TestPlainQuickSort" classname="CS648A.assignment1.AppTest" time="0.001"/>
  <testcase name="TestPlainQuickSort" classname="CS648A.assignment1.AppTest" time="0"/>
  <testcase name="TestPlainQuickSort" classname="CS648A.assignment1.AppTest" time="0"/>
  <testcase name="TestPlainQuickSort" classname="CS648A.assignment1.AppTest" time="0"/>
  <testcase name="TestPlainQuickSort" classname="CS648A.assignment1.AppTest" time="0.001"/>
  <testcase name="TestPlainQuickSort" classname="CS648A.assignment1.AppTest" time="0.001"/>
  <testcase name="TestPlainQuickSort" classname="CS648A.assignment1.AppTest" time="0.001"/>
  <testcase name="TestPlainQuickSort" classname="CS648A.assignment1.AppTest" time="0"/>
  <testcase name="TestPlainQuickSort" classname="CS648A.assignment1.AppTest" time="0"/>
  <testcase name="TestPlainQuickSort" classname="CS648A.assignment1.AppTest" time="0"/>
  <testcase name="TestPlainQuickSort" classname="CS648A.assignment1.AppTest" time="0.001"/>
  <testcase name="TestPlainQuickSort" classname="CS648A.assignment1.AppTest" time="0.001"/>
  <testcase name="TestPlainQuickSort" classname="CS648A.assignment1.AppTest" time="0.001"/>
  <testcase name="TestPlainQuickSort" classname="CS648A.assignment1.AppTest" time="0.001"/>
  <testcase name="TestPlainQuickSort" classname="CS648A.assignment1.AppTest" time="0.001"/>
  <testcase name="TestPlainQuickSort" classname="CS648A.assignment1.AppTest" time="0.001"/>
  <testcase name="TestPlainQuickSort" classname="CS648A.assignment1.AppTest" time="0.001"/>
  <testcase name="TestPlainQuickSort" classname="CS648A.assignment1.AppTest" time="0.001"/>
  <testcase name="TestPlainQuickSort" classname="CS648A.assignment1.AppTest" time="0"/>
  <testcase name="TestPlainQuickSort" classname="CS648A.assignment1.AppTest" time="0"/>
  <testcase name="TestPlainQuickSort" classname="CS648A.assignment1.AppTest" time="0"/>
  <testcase name="TestPlainQuickSort" classname="CS648A.assignment1.AppTest" time="0.001"/>
  <testcase name="TestPlainQuickSort" classname="CS648A.assignment1.AppTest" time="0.001"/>
  <testcase name="TestPlainQuickSort" classname="CS648A.assignment1.AppTest" time="0.001"/>
  <testcase name="TestPlainQuickSort" classname="CS648A.assignment1.AppTest" time="0.001"/>
  <testcase name="TestPlainQuickSort" classname="CS648A.assignment1.AppTest" time="0"/>
  <testcase name="TestPlainQuickSort" classname="CS648A.assignment1.AppTest" time="0"/>
  <testcase name="TestPlainQuickSort" classname="CS648A.assignment1.AppTest" time="0"/>
  <testcase name="TestPlainQuickSort" classname="CS648A.assignment1.AppTest" time="0"/>
  <testcase name="TestPlainQuickSort" classname="CS648A.assignment1.AppTest" time="0.001"/>
  <testcase name="TestPlainQuickSort" classname="CS648A.assignment1.AppTest" time="0"/>
  <testcase name="TestPlainQuickSort" classname="CS648A.assignment1.AppTest" time="0.001"/>
  <testcase name="TestPlainQuickSort" classname="CS648A.assignment1.AppTest" time="0"/>
  <testcase name="TestPlainQuickSort" classname="CS648A.assignment1.AppTest" time="0"/>
  <testcase name="TestPlainQuickSort" classname="CS648A.assignment1.AppTest" time="0"/>
  <testcase name="TestPlainQuickSort" classname="CS648A.assignment1.AppTest" time="0"/>
  <testcase name="TestPlainQuickSort" classname="CS648A.assignment1.AppTest" time="0"/>
  <testcase name="TestPlainQuickSort" classname="CS648A.assignment1.AppTest" time="0"/>
  <testcase name="TestPlainQuickSort" classname="CS648A.assignment1.AppTest" time="0"/>
  <testcase name="TestPlainQuickSort" classname="CS648A.assignment1.AppTest" time="0"/>
  <testcase name="TestPlainQuickSort" classname="CS648A.assignment1.AppTest" time="0.001"/>
  <testcase name="TestPlainQuickSort" classname="CS648A.assignment1.AppTest" time="0"/>
  <testcase name="TestPlainQuickSort" classname="CS648A.assignment1.AppTest" time="0.001"/>
  <testcase name="TestPlainQuickSort" classname="CS648A.assignment1.AppTest" time="0"/>
  <testcase name="TestPlainQuickSort" classname="CS648A.assignment1.AppTest" time="0.001"/>
  <testcase name="TestPlainQuickSort" classname="CS648A.assignment1.AppTest" time="0"/>
  <testcase name="TestPlainQuickSort" classname="CS648A.assignment1.AppTest" time="0.001"/>
  <testcase name="TestPlainQuickSort" classname="CS648A.assignment1.AppTest" time="0"/>
  <testcase name="TestPlainQuickSort" classname="CS648A.assignment1.AppTest" time="0.001"/>
  <testcase name="TestPlainQuickSort" classname="CS648A.assignment1.AppTest" time="0"/>
  <testcase name="TestPlainQuickSort" classname="CS648A.assignment1.AppTest" time="0"/>
  <testcase name="TestPlainQuickSort" classname="CS648A.assignment1.AppTest" time="0"/>
  <testcase name="TestPlainQuickSort" classname="CS648A.assignment1.AppTest" time="0"/>
  <testcase name="TestPlainQuickSort" classname="CS648A.assignment1.AppTest" time="0"/>
  <testcase name="TestPlainQuickSort" classname="CS648A.assignment1.AppTest" time="0"/>
  <testcase name="TestPlainQuickSort" classname="CS648A.assignment1.AppTest" time="0"/>
  <testcase name="TestPlainQuickSort" classname="CS648A.assignment1.AppTest" time="0"/>
  <testcase name="TestPlainQuickSort" classname="CS648A.assignment1.AppTest" time="0"/>
  <testcase name="TestPlainQuickSort" classname="CS648A.assignment1.AppTest" time="0.001"/>
  <testcase name="TestPlainQuickSort" classname="CS648A.assignment1.AppTest" time="0"/>
  <testcase name="TestPlainQuickSort" classname="CS648A.assignment1.AppTest" time="0"/>
  <testcase name="TestPlainQuickSort" classname="CS648A.assignment1.AppTest" time="0"/>
  <testcase name="TestPlainQuickSort" classname="CS648A.assignment1.AppTest" time="0.001"/>
  <testcase name="TestPlainQuickSort" classname="CS648A.assignment1.AppTest" time="0"/>
  <testcase name="TestPlainQuickSort" classname="CS648A.assignment1.AppTest" time="0.001"/>
  <testcase name="TestPlainQuickSort" classname="CS648A.assignment1.AppTest" time="0"/>
  <testcase name="TestPlainQuickSort" classname="CS648A.assignment1.AppTest" time="0.001"/>
  <testcase name="TestPlainQuickSort" classname="CS648A.assignment1.AppTest" time="0"/>
  <testcase name="TestPlainQuickSort" classname="CS648A.assignment1.AppTest" time="0.001"/>
  <testcase name="TestPlainQuickSort" classname="CS648A.assignment1.AppTest" time="0"/>
  <testcase name="TestPlainQuickSort" classname="CS648A.assignment1.AppTest" time="0"/>
  <testcase name="TestPlainQuickSort" classname="CS648A.assignment1.AppTest" time="0"/>
  <testcase name="TestPlainQuickSort" classname="CS648A.assignment1.AppTest" time="0"/>
  <testcase name="TestPlainQuickSort" classname="CS648A.assignment1.AppTest" time="0"/>
  <testcase name="TestPlainQuickSort" classname="CS648A.assignment1.AppTest" time="0"/>
  <testcase name="TestPlainQuickSort" classname="CS648A.assignment1.AppTest" time="0"/>
  <testcase name="TestPlainQuickSort" classname="CS648A.assignment1.AppTest" time="0.001"/>
  <testcase name="TestPlainQuickSort" classname="CS648A.assignment1.AppTest" time="0"/>
  <testcase name="TestPlainQuickSort" classname="CS648A.assignment1.AppTest" time="0"/>
  <testcase name="TestPlainQuickSort" classname="CS648A.assignment1.AppTest" time="0"/>
  <testcase name="TestPlainQuickSort" classname="CS648A.assignment1.AppTest" time="0"/>
  <testcase name="TestPlainQuickSort" classname="CS648A.assignment1.AppTest" time="0"/>
  <testcase name="TestPlainQuickSort" classname="CS648A.assignment1.AppTest" time="0"/>
  <testcase name="TestPlainQuickSort" classname="CS648A.assignment1.AppTest" time="0"/>
  <testcase name="TestPlainQuickSort" classname="CS648A.assignment1.AppTest" time="0"/>
  <testcase name="TestPlainQuickSort" classname="CS648A.assignment1.AppTest" time="0.001"/>
  <testcase name="TestPlainQuickSort" classname="CS648A.assignment1.AppTest" time="0"/>
  <testcase name="TestPlainQuickSort" classname="CS648A.assignment1.AppTest" time="0"/>
  <testcase name="TestPlainQuickSort" classname="CS648A.assignment1.AppTest" time="0"/>
  <testcase name="TestPlainQuickSort" classname="CS648A.assignment1.AppTest" time="0"/>
  <testcase name="TestPlainQuickSort" classname="CS648A.assignment1.AppTest" time="0"/>
  <testcase name="TestPlainQuickSort" classname="CS648A.assignment1.AppTest" time="0"/>
  <testcase name="TestPlainQuickSort" classname="CS648A.assignment1.AppTest" time="0.001"/>
  <testcase name="TestPlainQuickSort" classname="CS648A.assignment1.AppTest" time="0"/>
  <testcase name="TestPlainQuickSort" classname="CS648A.assignment1.AppTest" time="0"/>
  <testcase name="TestPlainQuickSort" classname="CS648A.assignment1.AppTest" time="0"/>
  <testcase name="TestPlainQuickSort" classname="CS648A.assignment1.AppTest" time="0"/>
  <testcase name="TestPlainQuickSort" classname="CS648A.assignment1.AppTest" time="0"/>
  <testcase name="TestPlainQuickSort" classname="CS648A.assignment1.AppTest" time="0"/>
  <testcase name="TestPlainQuickSort" classname="CS648A.assignment1.AppTest" time="0.001"/>
  <testcase name="TestPlainQuickSort" classname="CS648A.assignment1.AppTest" time="0"/>
  <testcase name="TestPlainQuickSort" classname="CS648A.assignment1.AppTest" time="0"/>
  <testcase name="TestPlainQuickSort" classname="CS648A.assignment1.AppTest" time="0"/>
  <testcase name="TestPlainQuickSort" classname="CS648A.assignment1.AppTest" time="0"/>
  <testcase name="TestPlainQuickSort" classname="CS648A.assignment1.AppTest" time="0"/>
  <testcase name="TestPlainQuickSort" classname="CS648A.assignment1.AppTest" time="0"/>
  <testcase name="TestPlainQuickSort" classname="CS648A.assignment1.AppTest" time="0"/>
  <testcase name="TestPlainQuickSort" classname="CS648A.assignment1.AppTest" time="0.001"/>
  <testcase name="TestPlainQuickSort" classname="CS648A.assignment1.AppTest" time="0"/>
  <testcase name="TestPlainQuickSort" classname="CS648A.assignment1.AppTest" time="0.001"/>
  <testcase name="TestPlainQuickSort" classname="CS648A.assignment1.AppTest" time="0"/>
  <testcase name="TestPlainQuickSort" classname="CS648A.assignment1.AppTest" time="0"/>
  <testcase name="TestPlainQuickSort" classname="CS648A.assignment1.AppTest" time="0"/>
</testsuite>